Success (31):
datatype 2944 {urn:com:appian:types:VM}VM_Vehicle "{urn:com:appian:types:VM}VM_Vehicle"
datatype 2946 {urn:com:appian:types:VM}VM_Maintenance "{urn:com:appian:types:VM}VM_Maintenance"
datatype 2942 {urn:com:appian:types:VM}VM_Customer "{urn:com:appian:types:VM}VM_Customer"
datatype 2948 {urn:com:appian:types}VM_Vehicle "{urn:com:appian:types}VM_Vehicle"
dataStore 11841 _a-0000e064-3a5e-8000-9ba2-011c48011c48_6120328 "VM Data Store"
group 23 SYSTEM_GROUP_ROLE_DESIGNERS "Designers"
group 45 _e-0000e094-daf5-8000-9aee-01075c01075c_440 "VM Admins"
group 44 _e-0000e094-daf5-8000-9aee-01075c01075c_438 "VM All Users"
group 43 _e-0000e094-daf5-8000-9aee-01075c01075c_442 "VM Designers"
content 11821 _a-0000e048-6fbd-8000-9ba2-011c48011c48_5612998 "VM Test Rules and Constants"
content 11825 _a-0000e064-3a5e-8000-9ba2-011c48011c48_6120699 "VM_VEHICLE_MAKE_LIST"
content 11826 _a-0000e064-3a5e-8000-9ba2-011c48011c48_6120715 "VM_VEHICLE_MODEL_LIST"
content 11839 28e84ce8-4ff8-4760-88b1-cf8245fef472 "VM_DetermineVehicleModelList"
content 11822 _a-0000e064-39f0-8000-9ba2-011c48011c48_177127 "VM Rules and Constants"
content 11823 _a-0000e064-39f0-8000-9ba2-011c48011c48_177136 "VM Knowledge Center"
content 11824 _a-0000e064-39f0-8000-9ba2-011c48011c48_177141 "VM Category Icons"
content 11827 _a-0000e104-e472-8000-9ba2-011c48011c48_8694829 "architecture-automobile-cars-63294"
content 11828 _a-0000e104-e472-8000-9ba2-011c48011c48_8694656 "VM Constants"
content 11829 _a-0000e0f7-b49f-8000-9ba2-011c48011c48_770132 "VM_VEHICLE_BILLBOARD_IMAGE"
content 11830 _a-0000e0f7-b49f-8000-9ba2-011c48011c48_770149 "VM Interfaces"
content 11831 _a-0000e104-e472-8000-9ba2-011c48011c48_8694640 "VM Query Rules"
content 11832 _a-0000e104-e472-8000-9ba2-011c48011c48_8694645 "VM_GetVehicleById"
content 11833 _a-0000e104-e472-8000-9ba2-011c48011c48_8694797 "VM_Luxury"
content 11834 _a-0000e104-e472-8000-9ba2-011c48011c48_8694795 "VM_Sedan"
content 11835 _a-0000e104-e472-8000-9ba2-011c48011c48_8694799 "VM_Compact"
content 11836 _a-0000e104-e472-8000-9ba2-011c48011c48_8694793 "VM_Suv"
content 11837 _a-0000e104-e472-8000-9ba2-011c48011c48_8694701 "VM_VEHICLE_CATEGORY_IMAGES"
content 11838 _a-0000e104-e472-8000-9ba2-011c48011c48_8694847 "VM_ModifyVehicleDataRelatedActionForm"
processModelFolder 11 _g-0000e0a5-fce9-8000-f92f-7f0000014e7a_169 "VM Process Models"
processModel 300 0002e10c-7d6c-8000-f92f-7f0000014e7a "Modify Vehicle Details"
application 11840 _a-0000e0a5-fced-8000-9ba2-011c48011c48_7437932 "Vehicle Management"

Referenced precedents that were not exported (2):
user trial.admin trial.admin
group 20 SYSTEM_GROUP_PROCESS_MODEL_CREATORS

Trace:
2019-03-08 15:22:02.663 DEBUG application 11840 _a-0000e0a5-fced-8000-9ba2-011c48011c48_7437932 Begin transport.
2019-03-08 15:22:02.663 DEBUG application 11840 _a-0000e0a5-fced-8000-9ba2-011c48011c48_7437932 Retrieving object data.
2019-03-08 15:22:02.746 DEBUG application 11840 _a-0000e0a5-fced-8000-9ba2-011c48011c48_7437932 App associated objects: [datatype=[{urn:com:appian:types:VM}VM_Vehicle, {urn:com:appian:types:VM}VM_Maintenance, {urn:com:appian:types:VM}VM_Customer, {urn:com:appian:types}VM_Vehicle],dataStore=[_a-0000e064-3a5e-8000-9ba2-011c48011c48_6120328],group=[_e-0000e094-daf5-8000-9aee-01075c01075c_442, _e-0000e094-daf5-8000-9aee-01075c01075c_438, _e-0000e094-daf5-8000-9aee-01075c01075c_440, SYSTEM_GROUP_ROLE_DESIGNERS],content=[_a-0000e048-6fbd-8000-9ba2-011c48011c48_5612998, _a-0000e064-3a5e-8000-9ba2-011c48011c48_6120699, _a-0000e064-3a5e-8000-9ba2-011c48011c48_6120715, 28e84ce8-4ff8-4760-88b1-cf8245fef472, _a-0000e064-39f0-8000-9ba2-011c48011c48_177127, _a-0000e064-39f0-8000-9ba2-011c48011c48_177136, _a-0000e064-39f0-8000-9ba2-011c48011c48_177141, _a-0000e0f7-b49f-8000-9ba2-011c48011c48_770132, _a-0000e0f7-b49f-8000-9ba2-011c48011c48_770149, _a-0000e104-e472-8000-9ba2-011c48011c48_8694640, _a-0000e104-e472-8000-9ba2-011c48011c48_8694645, _a-0000e104-e472-8000-9ba2-011c48011c48_8694656, _a-0000e104-e472-8000-9ba2-011c48011c48_8694701, _a-0000e104-e472-8000-9ba2-011c48011c48_8694797, _a-0000e104-e472-8000-9ba2-011c48011c48_8694793, _a-0000e104-e472-8000-9ba2-011c48011c48_8694799, _a-0000e104-e472-8000-9ba2-011c48011c48_8694795, _a-0000e104-e472-8000-9ba2-011c48011c48_8694829, _a-0000e104-e472-8000-9ba2-011c48011c48_8694847],processModelFolder=[_g-0000e0a5-fce9-8000-f92f-7f0000014e7a_169],processModel=[0002e10c-7d6c-8000-f92f-7f0000014e7a]]
2019-03-08 15:22:02.799 DEBUG application 11840 _a-0000e0a5-fced-8000-9ba2-011c48011c48_7437932 Invalid associated objects: []
2019-03-08 15:22:02.8 DEBUG application 11840 _a-0000e0a5-fced-8000-9ba2-011c48011c48_7437932 Adding valid associated objects to be exported: GlobalBindingMap[datatype={{urn:com:appian:types:VM}VM_Vehicle=2944, {urn:com:appian:types:VM}VM_Maintenance=2946, {urn:com:appian:types:VM}VM_Customer=2942, {urn:com:appian:types}VM_Vehicle=2948},dataStore={_a-0000e064-3a5e-8000-9ba2-011c48011c48_6120328=11841},group={_e-0000e094-daf5-8000-9aee-01075c01075c_442=43, _e-0000e094-daf5-8000-9aee-01075c01075c_438=44, _e-0000e094-daf5-8000-9aee-01075c01075c_440=45, SYSTEM_GROUP_ROLE_DESIGNERS=23},content={_a-0000e048-6fbd-8000-9ba2-011c48011c48_5612998=11821, _a-0000e064-3a5e-8000-9ba2-011c48011c48_6120699=11825, _a-0000e064-3a5e-8000-9ba2-011c48011c48_6120715=11826, 28e84ce8-4ff8-4760-88b1-cf8245fef472=11839, _a-0000e064-39f0-8000-9ba2-011c48011c48_177127=11822, _a-0000e064-39f0-8000-9ba2-011c48011c48_177136=11823, _a-0000e064-39f0-8000-9ba2-011c48011c48_177141=11824, _a-0000e0f7-b49f-8000-9ba2-011c48011c48_770132=11829, _a-0000e0f7-b49f-8000-9ba2-011c48011c48_770149=11830, _a-0000e104-e472-8000-9ba2-011c48011c48_8694640=11831, _a-0000e104-e472-8000-9ba2-011c48011c48_8694645=11832, _a-0000e104-e472-8000-9ba2-011c48011c48_8694656=11828, _a-0000e104-e472-8000-9ba2-011c48011c48_8694701=11837, _a-0000e104-e472-8000-9ba2-011c48011c48_8694797=11833, _a-0000e104-e472-8000-9ba2-011c48011c48_8694793=11836, _a-0000e104-e472-8000-9ba2-011c48011c48_8694799=11835, _a-0000e104-e472-8000-9ba2-011c48011c48_8694795=11834, _a-0000e104-e472-8000-9ba2-011c48011c48_8694829=11827, _a-0000e104-e472-8000-9ba2-011c48011c48_8694847=11838},processModelFolder={_g-0000e0a5-fce9-8000-f92f-7f0000014e7a_169=11},processModel={0002e10c-7d6c-8000-f92f-7f0000014e7a=300}]
2019-03-08 15:22:02.801 DEBUG application 11840 _a-0000e0a5-fced-8000-9ba2-011c48011c48_7437932 Setting uuids of object references.
2019-03-08 15:22:02.842 DEBUG application 11840 _a-0000e0a5-fced-8000-9ba2-011c48011c48_7437932 Processing reference: Application.forum
2019-03-08 15:22:02.846 DEBUG application 11840 _a-0000e0a5-fced-8000-9ba2-011c48011c48_7437932 Processing reference: Application.parent
2019-03-08 15:22:02.889 DEBUG application 11840 _a-0000e0a5-fced-8000-9ba2-011c48011c48_7437932 Processing reference: com.appiancorp.suiteapi.content.ContentRoleMap@120362bc[
  ContentRole[name=readers,inherit=false,allowForAll=false]
  ContentRole[name=authors,inherit=false,allowForAll=false]
  ContentRole[name=administrators,usernames=[trial.admin],groupIds=[23, 45],inherit=false,allowForAll=false]
  ContentRole[name=denyReaders,inherit=false,allowForAll=false]
  ContentRole[name=denyAuthors,inherit=false,allowForAll=false]
  ContentRole[name=denyAdministrators,inherit=false,allowForAll=false]
  securityVector=129:SEC_PUBLIC=true,SEC_CREATOR_ADMIN=true,SEC_INH_ADMIN=false,SEC_INH_EDITOR=false,SEC_INH_VIEWER=false,SEC_ALL_ADMIN=false,SEC_ALL_EDITOR=false,SEC_ALL_VIEWER=false
]
2019-03-08 15:22:02.889 DEBUG application 11840 _a-0000e0a5-fced-8000-9ba2-011c48011c48_7437932 Processing reference: ContentRole[name=readers,inherit=false,allowForAll=false]
2019-03-08 15:22:02.89 DEBUG application 11840 _a-0000e0a5-fced-8000-9ba2-011c48011c48_7437932 Processing reference: ContentRole[name=authors,inherit=false,allowForAll=false]
2019-03-08 15:22:02.89 DEBUG application 11840 _a-0000e0a5-fced-8000-9ba2-011c48011c48_7437932 Processing reference: ContentRole[name=administrators,usernames=[trial.admin],groupIds=[23, 45],inherit=false,allowForAll=false]
2019-03-08 15:22:02.902 DEBUG group 23 SYSTEM_GROUP_ROLE_DESIGNERS Begin transport.
2019-03-08 15:22:02.902 DEBUG group 23 SYSTEM_GROUP_ROLE_DESIGNERS Retrieving object data.
2019-03-08 15:22:03.01 DEBUG group 23 SYSTEM_GROUP_ROLE_DESIGNERS Setting uuids of object references.
2019-03-08 15:22:03.011 DEBUG group 23 SYSTEM_GROUP_ROLE_DESIGNERS Processing reference: Role[name=<null>,usernames=[Administrator]]
2019-03-08 15:22:03.017 DEBUG group 23 SYSTEM_GROUP_ROLE_DESIGNERS Processing reference: Group.groupTypeId
2019-03-08 15:22:03.026 DEBUG group 23 SYSTEM_GROUP_ROLE_DESIGNERS Processing reference: Group.parentId
2019-03-08 15:22:03.028 DEBUG group 23 SYSTEM_GROUP_ROLE_DESIGNERS Processing reference: Group.homePageId
2019-03-08 15:22:03.03 DEBUG group 23 SYSTEM_GROUP_ROLE_DESIGNERS Processing reference: Role[name=<null>,groupIds=[20]]
2019-03-08 15:22:03.038 DEBUG group 23 SYSTEM_GROUP_ROLE_DESIGNERS Processing reference: Expression[entityTypeName=u,conditions={Condition[attributeName=userTypeName,operatorId=1,operatorName=equals,value=Administrator]}]
2019-03-08 15:22:03.039 DEBUG group 23 SYSTEM_GROUP_ROLE_DESIGNERS Completing produce.
2019-03-08 15:22:03.039 DEBUG group 23 SYSTEM_GROUP_ROLE_DESIGNERS Exporting binary resources.
2019-03-08 15:22:03.039 DEBUG group 23 SYSTEM_GROUP_ROLE_DESIGNERS Serializing object to XML.
2019-03-08 15:22:03.085 DEBUG group 23 SYSTEM_GROUP_ROLE_DESIGNERS Object transported.
2019-03-08 15:22:03.085 DEBUG group 45 _e-0000e094-daf5-8000-9aee-01075c01075c_440 Begin transport.
2019-03-08 15:22:03.085 DEBUG group 45 _e-0000e094-daf5-8000-9aee-01075c01075c_440 Retrieving object data.
2019-03-08 15:22:03.11 DEBUG group 45 _e-0000e094-daf5-8000-9aee-01075c01075c_440 Setting uuids of object references.
2019-03-08 15:22:03.11 DEBUG group 45 _e-0000e094-daf5-8000-9aee-01075c01075c_440 Processing reference: Role[name=<null>,groupIds=[23, 45]]
2019-03-08 15:22:03.112 DEBUG group 45 _e-0000e094-daf5-8000-9aee-01075c01075c_440 Begin transport.
2019-03-08 15:22:03.113 DEBUG group 45 _e-0000e094-daf5-8000-9aee-01075c01075c_440 Loop detected: [group:45]
2019-03-08 15:22:03.113 DEBUG group 45 Breaking loop [group:45]. group:45 will be transported with its reference to 45 nulled out and will require a second pass.
2019-03-08 15:22:03.116 DEBUG group 45 _e-0000e094-daf5-8000-9aee-01075c01075c_440 Processing reference: Group.groupTypeId
2019-03-08 15:22:03.119 DEBUG group 45 _e-0000e094-daf5-8000-9aee-01075c01075c_440 Processing reference: Group.parentId
2019-03-08 15:22:03.129 DEBUG group 44 _e-0000e094-daf5-8000-9aee-01075c01075c_438 Begin transport.
2019-03-08 15:22:03.129 DEBUG group 44 _e-0000e094-daf5-8000-9aee-01075c01075c_438 Retrieving object data.
2019-03-08 15:22:03.148 DEBUG group 44 _e-0000e094-daf5-8000-9aee-01075c01075c_438 Setting uuids of object references.
2019-03-08 15:22:03.149 DEBUG group 44 _e-0000e094-daf5-8000-9aee-01075c01075c_438 Processing reference: Role[name=<null>,groupIds=[23, 45]]
2019-03-08 15:22:03.154 DEBUG group 45 _e-0000e094-daf5-8000-9aee-01075c01075c_440 Begin transport.
2019-03-08 15:22:03.154 DEBUG group 45 _e-0000e094-daf5-8000-9aee-01075c01075c_440 Loop detected: [group:45, group:44]
2019-03-08 15:22:03.154 DEBUG group 45 Breaking loop [group:45, group:44]. group:44 will be transported with its reference to 45 nulled out and will require a second pass.
2019-03-08 15:22:03.154 DEBUG group 44 _e-0000e094-daf5-8000-9aee-01075c01075c_438 Processing reference: Group.groupTypeId
2019-03-08 15:22:03.162 DEBUG group 44 _e-0000e094-daf5-8000-9aee-01075c01075c_438 Processing reference: Group.parentId
2019-03-08 15:22:03.163 DEBUG group 44 _e-0000e094-daf5-8000-9aee-01075c01075c_438 Processing reference: Group.homePageId
2019-03-08 15:22:03.164 DEBUG group 44 _e-0000e094-daf5-8000-9aee-01075c01075c_438 Processing reference: Role[name=<null>,groupIds=[43, 45]]
2019-03-08 15:22:03.167 DEBUG group 43 _e-0000e094-daf5-8000-9aee-01075c01075c_442 Begin transport.
2019-03-08 15:22:03.167 DEBUG group 43 _e-0000e094-daf5-8000-9aee-01075c01075c_442 Retrieving object data.
2019-03-08 15:22:03.184 DEBUG group 43 _e-0000e094-daf5-8000-9aee-01075c01075c_442 Setting uuids of object references.
2019-03-08 15:22:03.184 DEBUG group 43 _e-0000e094-daf5-8000-9aee-01075c01075c_442 Processing reference: Role[name=<null>,groupIds=[23, 45]]
2019-03-08 15:22:03.188 DEBUG group 45 _e-0000e094-daf5-8000-9aee-01075c01075c_440 Begin transport.
2019-03-08 15:22:03.188 DEBUG group 45 _e-0000e094-daf5-8000-9aee-01075c01075c_440 Loop detected: [group:45, group:44, group:43]
2019-03-08 15:22:03.188 DEBUG group 45 Breaking loop [group:45, group:44, group:43]. group:43 will be transported with its reference to 45 nulled out and will require a second pass.
2019-03-08 15:22:03.188 DEBUG group 43 _e-0000e094-daf5-8000-9aee-01075c01075c_442 Processing reference: Group.groupTypeId
2019-03-08 15:22:03.191 DEBUG group 43 _e-0000e094-daf5-8000-9aee-01075c01075c_442 Processing reference: Group.parentId
2019-03-08 15:22:03.198 DEBUG group 44 _e-0000e094-daf5-8000-9aee-01075c01075c_438 Begin transport.
2019-03-08 15:22:03.198 DEBUG group 44 _e-0000e094-daf5-8000-9aee-01075c01075c_438 Loop detected: [group:44, group:43]
2019-03-08 15:22:03.198 DEBUG group 44 Breaking loop [group:44, group:43]. group:43 will be transported with its reference to 44 nulled out and will require a second pass.
2019-03-08 15:22:03.198 DEBUG group 43 _e-0000e094-daf5-8000-9aee-01075c01075c_442 Processing reference: Group.homePageId
2019-03-08 15:22:03.198 DEBUG group 43 _e-0000e094-daf5-8000-9aee-01075c01075c_442 Processing reference: Role[name=<null>]
2019-03-08 15:22:03.199 DEBUG group 43 _e-0000e094-daf5-8000-9aee-01075c01075c_442 Completing produce.
2019-03-08 15:22:03.199 DEBUG group 43 _e-0000e094-daf5-8000-9aee-01075c01075c_442 Object transported with these references nulled out: [group:45, group:44]
2019-03-08 15:22:03.199 DEBUG group 45 _e-0000e094-daf5-8000-9aee-01075c01075c_440 Begin transport.
2019-03-08 15:22:03.199 DEBUG group 45 _e-0000e094-daf5-8000-9aee-01075c01075c_440 Loop detected: [group:45, group:44]
2019-03-08 15:22:03.199 DEBUG group 45 Breaking loop [group:45, group:44]. group:44 will be transported with its reference to 45 nulled out and will require a second pass.
2019-03-08 15:22:03.2 DEBUG group 44 _e-0000e094-daf5-8000-9aee-01075c01075c_438 Completing produce.
2019-03-08 15:22:03.2 DEBUG group 44 _e-0000e094-daf5-8000-9aee-01075c01075c_438 Object transported with these references nulled out: [group:45]
2019-03-08 15:22:03.2 DEBUG group 44 _e-0000e094-daf5-8000-9aee-01075c01075c_438 Binding pending incomplete: group:43
2019-03-08 15:22:03.202 DEBUG group 45 _e-0000e094-daf5-8000-9aee-01075c01075c_440 Processing reference: Group.homePageId
2019-03-08 15:22:03.203 DEBUG group 45 _e-0000e094-daf5-8000-9aee-01075c01075c_440 Processing reference: Role[name=<null>]
2019-03-08 15:22:03.203 DEBUG group 45 _e-0000e094-daf5-8000-9aee-01075c01075c_440 Completing produce.
2019-03-08 15:22:03.203 DEBUG group 45 _e-0000e094-daf5-8000-9aee-01075c01075c_440 Object transported with these references nulled out: [group:45]
2019-03-08 15:22:03.203 DEBUG group 45 _e-0000e094-daf5-8000-9aee-01075c01075c_440 Binding pending incomplete: group:45
2019-03-08 15:22:03.206 DEBUG group 45 _e-0000e094-daf5-8000-9aee-01075c01075c_440 Begin transport.
2019-03-08 15:22:03.206 DEBUG group 45 _e-0000e094-daf5-8000-9aee-01075c01075c_440 Retrieving object data.
2019-03-08 15:22:03.224 DEBUG group 45 _e-0000e094-daf5-8000-9aee-01075c01075c_440 Setting uuids of object references.
2019-03-08 15:22:03.224 DEBUG group 45 _e-0000e094-daf5-8000-9aee-01075c01075c_440 Processing reference: Role[name=<null>,groupIds=[23, 45]]
2019-03-08 15:22:03.227 DEBUG group 45 _e-0000e094-daf5-8000-9aee-01075c01075c_440 Processing reference: Group.groupTypeId
2019-03-08 15:22:03.23 DEBUG group 45 _e-0000e094-daf5-8000-9aee-01075c01075c_440 Processing reference: Group.parentId
2019-03-08 15:22:03.234 DEBUG group 45 _e-0000e094-daf5-8000-9aee-01075c01075c_440 Processing reference: Group.homePageId
2019-03-08 15:22:03.234 DEBUG group 45 _e-0000e094-daf5-8000-9aee-01075c01075c_440 Processing reference: Role[name=<null>]
2019-03-08 15:22:03.235 DEBUG group 45 _e-0000e094-daf5-8000-9aee-01075c01075c_440 Completing produce.
2019-03-08 15:22:03.235 DEBUG group 45 _e-0000e094-daf5-8000-9aee-01075c01075c_440 Exporting binary resources.
2019-03-08 15:22:03.235 DEBUG group 45 _e-0000e094-daf5-8000-9aee-01075c01075c_440 Serializing object to XML.
2019-03-08 15:22:03.256 DEBUG group 45 _e-0000e094-daf5-8000-9aee-01075c01075c_440 Removed object from incomplete list.
2019-03-08 15:22:03.256 DEBUG group 45 _e-0000e094-daf5-8000-9aee-01075c01075c_440 Object transported.
2019-03-08 15:22:03.256 DEBUG group 45 _e-0000e094-daf5-8000-9aee-01075c01075c_440 Binding pending incomplete: group:45
2019-03-08 15:22:03.258 DEBUG group 45 _e-0000e094-daf5-8000-9aee-01075c01075c_440 Binding pending incomplete: group:44
2019-03-08 15:22:03.262 DEBUG group 44 _e-0000e094-daf5-8000-9aee-01075c01075c_438 Begin transport.
2019-03-08 15:22:03.262 DEBUG group 44 _e-0000e094-daf5-8000-9aee-01075c01075c_438 Retrieving object data.
2019-03-08 15:22:03.3 DEBUG group 44 _e-0000e094-daf5-8000-9aee-01075c01075c_438 Setting uuids of object references.
2019-03-08 15:22:03.3 DEBUG group 44 _e-0000e094-daf5-8000-9aee-01075c01075c_438 Processing reference: Role[name=<null>,groupIds=[23, 45]]
2019-03-08 15:22:03.305 DEBUG group 44 _e-0000e094-daf5-8000-9aee-01075c01075c_438 Processing reference: Group.groupTypeId
2019-03-08 15:22:03.309 DEBUG group 44 _e-0000e094-daf5-8000-9aee-01075c01075c_438 Processing reference: Group.parentId
2019-03-08 15:22:03.31 DEBUG group 44 _e-0000e094-daf5-8000-9aee-01075c01075c_438 Processing reference: Group.homePageId
2019-03-08 15:22:03.31 DEBUG group 44 _e-0000e094-daf5-8000-9aee-01075c01075c_438 Processing reference: Role[name=<null>,groupIds=[43, 45]]
2019-03-08 15:22:03.313 DEBUG group 44 _e-0000e094-daf5-8000-9aee-01075c01075c_438 Completing produce.
2019-03-08 15:22:03.313 DEBUG group 44 _e-0000e094-daf5-8000-9aee-01075c01075c_438 Exporting binary resources.
2019-03-08 15:22:03.313 DEBUG group 44 _e-0000e094-daf5-8000-9aee-01075c01075c_438 Serializing object to XML.
2019-03-08 15:22:03.33 DEBUG group 44 _e-0000e094-daf5-8000-9aee-01075c01075c_438 Removed object from incomplete list.
2019-03-08 15:22:03.33 DEBUG group 44 _e-0000e094-daf5-8000-9aee-01075c01075c_438 Object transported.
2019-03-08 15:22:03.33 DEBUG group 45 _e-0000e094-daf5-8000-9aee-01075c01075c_440 Binding pending incomplete: group:43
2019-03-08 15:22:03.332 DEBUG group 43 _e-0000e094-daf5-8000-9aee-01075c01075c_442 Begin transport.
2019-03-08 15:22:03.332 DEBUG group 43 _e-0000e094-daf5-8000-9aee-01075c01075c_442 Retrieving object data.
2019-03-08 15:22:03.37 DEBUG group 43 _e-0000e094-daf5-8000-9aee-01075c01075c_442 Setting uuids of object references.
2019-03-08 15:22:03.37 DEBUG group 43 _e-0000e094-daf5-8000-9aee-01075c01075c_442 Processing reference: Role[name=<null>,groupIds=[23, 45]]
2019-03-08 15:22:03.373 DEBUG group 43 _e-0000e094-daf5-8000-9aee-01075c01075c_442 Processing reference: Group.groupTypeId
2019-03-08 15:22:03.376 DEBUG group 43 _e-0000e094-daf5-8000-9aee-01075c01075c_442 Processing reference: Group.parentId
2019-03-08 15:22:03.379 DEBUG group 43 _e-0000e094-daf5-8000-9aee-01075c01075c_442 Processing reference: Group.homePageId
2019-03-08 15:22:03.379 DEBUG group 43 _e-0000e094-daf5-8000-9aee-01075c01075c_442 Processing reference: Role[name=<null>]
2019-03-08 15:22:03.38 DEBUG group 43 _e-0000e094-daf5-8000-9aee-01075c01075c_442 Completing produce.
2019-03-08 15:22:03.38 DEBUG group 43 _e-0000e094-daf5-8000-9aee-01075c01075c_442 Exporting binary resources.
2019-03-08 15:22:03.38 DEBUG group 43 _e-0000e094-daf5-8000-9aee-01075c01075c_442 Serializing object to XML.
2019-03-08 15:22:03.402 DEBUG group 43 _e-0000e094-daf5-8000-9aee-01075c01075c_442 Removed object from incomplete list.
2019-03-08 15:22:03.402 DEBUG group 43 _e-0000e094-daf5-8000-9aee-01075c01075c_442 Object transported.
2019-03-08 15:22:03.402 DEBUG group 45 _e-0000e094-daf5-8000-9aee-01075c01075c_440 Binding pending incomplete: group:44
2019-03-08 15:22:03.406 DEBUG group 45 _e-0000e094-daf5-8000-9aee-01075c01075c_440 Binding pending incomplete: group:43
2019-03-08 15:22:03.408 DEBUG application 11840 _a-0000e0a5-fced-8000-9ba2-011c48011c48_7437932 Processing reference: ContentRole[name=denyReaders,inherit=false,allowForAll=false]
2019-03-08 15:22:03.408 DEBUG application 11840 _a-0000e0a5-fced-8000-9ba2-011c48011c48_7437932 Processing reference: ContentRole[name=denyAuthors,inherit=false,allowForAll=false]
2019-03-08 15:22:03.408 DEBUG application 11840 _a-0000e0a5-fced-8000-9ba2-011c48011c48_7437932 Processing reference: ContentRole[name=denyAdministrators,inherit=false,allowForAll=false]
2019-03-08 15:22:03.41 DEBUG datatype 2944 {urn:com:appian:types:VM}VM_Vehicle Begin transport.
2019-03-08 15:22:03.41 DEBUG datatype 2944 {urn:com:appian:types:VM}VM_Vehicle Retrieving object data.
2019-03-08 15:22:03.661 DEBUG datatype 2944 {urn:com:appian:types:VM}VM_Vehicle Setting uuids of object references.
2019-03-08 15:22:03.825 DEBUG datatype 2944 {urn:com:appian:types:VM}VM_Vehicle Completing produce.
2019-03-08 15:22:03.825 DEBUG datatype 2944 {urn:com:appian:types:VM}VM_Vehicle Exporting binary resources.
2019-03-08 15:22:03.825 DEBUG datatype 2944 {urn:com:appian:types:VM}VM_Vehicle Serializing object to XML.
2019-03-08 15:22:03.855 DEBUG datatype 2944 {urn:com:appian:types:VM}VM_Vehicle Object transported.
2019-03-08 15:22:03.855 DEBUG datatype 2946 {urn:com:appian:types:VM}VM_Maintenance Begin transport.
2019-03-08 15:22:03.855 DEBUG datatype 2946 {urn:com:appian:types:VM}VM_Maintenance Retrieving object data.
2019-03-08 15:22:03.951 DEBUG datatype 2946 {urn:com:appian:types:VM}VM_Maintenance Setting uuids of object references.
2019-03-08 15:22:03.952 DEBUG datatype 2946 {urn:com:appian:types:VM}VM_Maintenance Completing produce.
2019-03-08 15:22:03.952 DEBUG datatype 2946 {urn:com:appian:types:VM}VM_Maintenance Exporting binary resources.
2019-03-08 15:22:03.952 DEBUG datatype 2946 {urn:com:appian:types:VM}VM_Maintenance Serializing object to XML.
2019-03-08 15:22:03.978 DEBUG datatype 2946 {urn:com:appian:types:VM}VM_Maintenance Object transported.
2019-03-08 15:22:03.978 DEBUG datatype 2942 {urn:com:appian:types:VM}VM_Customer Begin transport.
2019-03-08 15:22:03.979 DEBUG datatype 2942 {urn:com:appian:types:VM}VM_Customer Retrieving object data.
2019-03-08 15:22:04.169 DEBUG datatype 2942 {urn:com:appian:types:VM}VM_Customer Setting uuids of object references.
2019-03-08 15:22:04.171 DEBUG datatype 2942 {urn:com:appian:types:VM}VM_Customer Completing produce.
2019-03-08 15:22:04.171 DEBUG datatype 2942 {urn:com:appian:types:VM}VM_Customer Exporting binary resources.
2019-03-08 15:22:04.171 DEBUG datatype 2942 {urn:com:appian:types:VM}VM_Customer Serializing object to XML.
2019-03-08 15:22:04.195 DEBUG datatype 2942 {urn:com:appian:types:VM}VM_Customer Object transported.
2019-03-08 15:22:04.195 DEBUG datatype 2948 {urn:com:appian:types}VM_Vehicle Begin transport.
2019-03-08 15:22:04.195 DEBUG datatype 2948 {urn:com:appian:types}VM_Vehicle Retrieving object data.
2019-03-08 15:22:04.453 DEBUG datatype 2948 {urn:com:appian:types}VM_Vehicle Setting uuids of object references.
2019-03-08 15:22:04.455 DEBUG datatype 2948 {urn:com:appian:types}VM_Vehicle Completing produce.
2019-03-08 15:22:04.455 DEBUG datatype 2948 {urn:com:appian:types}VM_Vehicle Exporting binary resources.
2019-03-08 15:22:04.455 DEBUG datatype 2948 {urn:com:appian:types}VM_Vehicle Serializing object to XML.
2019-03-08 15:22:04.484 DEBUG datatype 2948 {urn:com:appian:types}VM_Vehicle Object transported.
2019-03-08 15:22:04.498 DEBUG dataStore 11841 _a-0000e064-3a5e-8000-9ba2-011c48011c48_6120328 Begin transport.
2019-03-08 15:22:04.498 DEBUG dataStore 11841 _a-0000e064-3a5e-8000-9ba2-011c48011c48_6120328 Retrieving object data.
2019-03-08 15:22:04.563 DEBUG dataStore 11841 _a-0000e064-3a5e-8000-9ba2-011c48011c48_6120328 Setting uuids of object references.
2019-03-08 15:22:04.622 DEBUG dataStore 11841 _a-0000e064-3a5e-8000-9ba2-011c48011c48_6120328 Processing reference: datatypeRef[id=2948]
2019-03-08 15:22:04.636 DEBUG dataStore 11841 _a-0000e064-3a5e-8000-9ba2-011c48011c48_6120328 Processing reference: ContentRole[name=administrators,groupIds=[23, 45],inherit=false,allowForAll=false]
2019-03-08 15:22:04.642 DEBUG dataStore 11841 _a-0000e064-3a5e-8000-9ba2-011c48011c48_6120328 Processing reference: ContentRole[name=authors,inherit=false,allowForAll=false]
2019-03-08 15:22:04.642 DEBUG dataStore 11841 _a-0000e064-3a5e-8000-9ba2-011c48011c48_6120328 Processing reference: ContentRole[name=denyAdministrators,inherit=false,allowForAll=false]
2019-03-08 15:22:04.642 DEBUG dataStore 11841 _a-0000e064-3a5e-8000-9ba2-011c48011c48_6120328 Processing reference: ContentRole[name=denyAuthors,inherit=false,allowForAll=false]
2019-03-08 15:22:04.643 DEBUG dataStore 11841 _a-0000e064-3a5e-8000-9ba2-011c48011c48_6120328 Processing reference: ContentRole[name=denyReaders,inherit=false,allowForAll=false]
2019-03-08 15:22:04.643 DEBUG dataStore 11841 _a-0000e064-3a5e-8000-9ba2-011c48011c48_6120328 Processing reference: ContentRole[name=readers,inherit=false,allowForAll=false]
2019-03-08 15:22:04.643 DEBUG dataStore 11841 _a-0000e064-3a5e-8000-9ba2-011c48011c48_6120328 Completing produce.
2019-03-08 15:22:04.643 DEBUG dataStore 11841 _a-0000e064-3a5e-8000-9ba2-011c48011c48_6120328 Exporting binary resources.
2019-03-08 15:22:04.643 DEBUG dataStore 11841 _a-0000e064-3a5e-8000-9ba2-011c48011c48_6120328 Serializing object to XML.
2019-03-08 15:22:04.707 DEBUG dataStore 11841 _a-0000e064-3a5e-8000-9ba2-011c48011c48_6120328 Object transported.
2019-03-08 15:22:04.717 DEBUG content 11821 _a-0000e048-6fbd-8000-9ba2-011c48011c48_5612998 Begin transport.
2019-03-08 15:22:04.717 DEBUG content 11821 _a-0000e048-6fbd-8000-9ba2-011c48011c48_5612998 Retrieving object data.
2019-03-08 15:22:04.756 DEBUG content 11821 _a-0000e048-6fbd-8000-9ba2-011c48011c48_5612998 Setting uuids of object references.
2019-03-08 15:22:04.805 DEBUG content 11821 _a-0000e048-6fbd-8000-9ba2-011c48011c48_5612998 Processing reference: RulesFolder.forum
2019-03-08 15:22:04.807 DEBUG content 11821 _a-0000e048-6fbd-8000-9ba2-011c48011c48_5612998 Processing reference: RulesFolder.parent
2019-03-08 15:22:04.814 DEBUG content 11821 _a-0000e048-6fbd-8000-9ba2-011c48011c48_5612998 Processing reference: com.appiancorp.suiteapi.content.ContentRoleMap@56e2fc03[
  ContentRole[name=readers,inherit=false,allowForAll=false]
  ContentRole[name=authors,inherit=false,allowForAll=false]
  ContentRole[name=administrators,groupIds=[23, 43],inherit=false,allowForAll=false]
  ContentRole[name=denyReaders,inherit=false,allowForAll=false]
  ContentRole[name=denyAuthors,inherit=false,allowForAll=false]
  ContentRole[name=denyAdministrators,inherit=false,allowForAll=false]
  securityVector=1:SEC_PUBLIC=true,SEC_CREATOR_ADMIN=false,SEC_INH_ADMIN=false,SEC_INH_EDITOR=false,SEC_INH_VIEWER=false,SEC_ALL_ADMIN=false,SEC_ALL_EDITOR=false,SEC_ALL_VIEWER=false
]
2019-03-08 15:22:04.814 DEBUG content 11821 _a-0000e048-6fbd-8000-9ba2-011c48011c48_5612998 Processing reference: ContentRole[name=readers,inherit=false,allowForAll=false]
2019-03-08 15:22:04.814 DEBUG content 11821 _a-0000e048-6fbd-8000-9ba2-011c48011c48_5612998 Processing reference: ContentRole[name=authors,inherit=false,allowForAll=false]
2019-03-08 15:22:04.814 DEBUG content 11821 _a-0000e048-6fbd-8000-9ba2-011c48011c48_5612998 Processing reference: ContentRole[name=administrators,groupIds=[23, 43],inherit=false,allowForAll=false]
2019-03-08 15:22:04.818 DEBUG content 11821 _a-0000e048-6fbd-8000-9ba2-011c48011c48_5612998 Processing reference: ContentRole[name=denyReaders,inherit=false,allowForAll=false]
2019-03-08 15:22:04.818 DEBUG content 11821 _a-0000e048-6fbd-8000-9ba2-011c48011c48_5612998 Processing reference: ContentRole[name=denyAuthors,inherit=false,allowForAll=false]
2019-03-08 15:22:04.818 DEBUG content 11821 _a-0000e048-6fbd-8000-9ba2-011c48011c48_5612998 Processing reference: ContentRole[name=denyAdministrators,inherit=false,allowForAll=false]
2019-03-08 15:22:04.819 DEBUG content 11821 _a-0000e048-6fbd-8000-9ba2-011c48011c48_5612998 Completing produce.
2019-03-08 15:22:04.819 DEBUG content 11821 _a-0000e048-6fbd-8000-9ba2-011c48011c48_5612998 Exporting binary resources.
2019-03-08 15:22:04.819 DEBUG content 11821 _a-0000e048-6fbd-8000-9ba2-011c48011c48_5612998 Serializing object to XML.
2019-03-08 15:22:04.849 DEBUG content 11821 _a-0000e048-6fbd-8000-9ba2-011c48011c48_5612998 Object transported.
2019-03-08 15:22:04.849 DEBUG content 11825 _a-0000e064-3a5e-8000-9ba2-011c48011c48_6120699 Begin transport.
2019-03-08 15:22:04.849 DEBUG content 11825 _a-0000e064-3a5e-8000-9ba2-011c48011c48_6120699 Retrieving object data.
2019-03-08 15:22:04.879 DEBUG content 11825 _a-0000e064-3a5e-8000-9ba2-011c48011c48_6120699 Setting uuids of object references.
2019-03-08 15:22:04.879 DEBUG content 11825 _a-0000e064-3a5e-8000-9ba2-011c48011c48_6120699 Processing reference: [Content:id=11825,versionId=-1,name=VM_VEHICLE_MAKE_LIST,type=32,subtype=0,uuid=_a-0000e064-3a5e-8000-9ba2-011c48011c48_6120699,parent=11821]
2019-03-08 15:22:04.912 DEBUG content 11825 _a-0000e064-3a5e-8000-9ba2-011c48011c48_6120699 Processing reference: Constant.forum
2019-03-08 15:22:04.913 DEBUG content 11825 _a-0000e064-3a5e-8000-9ba2-011c48011c48_6120699 Processing reference: Constant.parent
2019-03-08 15:22:04.92 DEBUG content 11825 _a-0000e064-3a5e-8000-9ba2-011c48011c48_6120699 Processing reference: com.appiancorp.suiteapi.content.ContentRoleMap@384dfcab[
  ContentRole[name=readers,inherit=false,allowForAll=false]
  ContentRole[name=authors,inherit=false,allowForAll=false]
  ContentRole[name=administrators,groupIds=[23, 43],inherit=false,allowForAll=false]
  ContentRole[name=denyReaders,inherit=false,allowForAll=false]
  ContentRole[name=denyAuthors,inherit=false,allowForAll=false]
  ContentRole[name=denyAdministrators,inherit=false,allowForAll=false]
  securityVector=1:SEC_PUBLIC=true,SEC_CREATOR_ADMIN=false,SEC_INH_ADMIN=false,SEC_INH_EDITOR=false,SEC_INH_VIEWER=false,SEC_ALL_ADMIN=false,SEC_ALL_EDITOR=false,SEC_ALL_VIEWER=false
]
2019-03-08 15:22:04.92 DEBUG content 11825 _a-0000e064-3a5e-8000-9ba2-011c48011c48_6120699 Processing reference: ContentRole[name=readers,inherit=false,allowForAll=false]
2019-03-08 15:22:04.92 DEBUG content 11825 _a-0000e064-3a5e-8000-9ba2-011c48011c48_6120699 Processing reference: ContentRole[name=authors,inherit=false,allowForAll=false]
2019-03-08 15:22:04.921 DEBUG content 11825 _a-0000e064-3a5e-8000-9ba2-011c48011c48_6120699 Processing reference: ContentRole[name=administrators,groupIds=[23, 43],inherit=false,allowForAll=false]
2019-03-08 15:22:04.923 DEBUG content 11825 _a-0000e064-3a5e-8000-9ba2-011c48011c48_6120699 Processing reference: ContentRole[name=denyReaders,inherit=false,allowForAll=false]
2019-03-08 15:22:04.923 DEBUG content 11825 _a-0000e064-3a5e-8000-9ba2-011c48011c48_6120699 Processing reference: ContentRole[name=denyAuthors,inherit=false,allowForAll=false]
2019-03-08 15:22:04.924 DEBUG content 11825 _a-0000e064-3a5e-8000-9ba2-011c48011c48_6120699 Processing reference: ContentRole[name=denyAdministrators,inherit=false,allowForAll=false]
2019-03-08 15:22:04.927 DEBUG content 11825 _a-0000e064-3a5e-8000-9ba2-011c48011c48_6120699 Completing produce.
2019-03-08 15:22:04.927 DEBUG content 11825 _a-0000e064-3a5e-8000-9ba2-011c48011c48_6120699 Exporting binary resources.
2019-03-08 15:22:04.927 DEBUG content 11825 _a-0000e064-3a5e-8000-9ba2-011c48011c48_6120699 Serializing object to XML.
2019-03-08 15:22:04.979 DEBUG content 11825 _a-0000e064-3a5e-8000-9ba2-011c48011c48_6120699 Object transported.
2019-03-08 15:22:04.979 DEBUG content 11826 _a-0000e064-3a5e-8000-9ba2-011c48011c48_6120715 Begin transport.
2019-03-08 15:22:04.979 DEBUG content 11826 _a-0000e064-3a5e-8000-9ba2-011c48011c48_6120715 Retrieving object data.
2019-03-08 15:22:05.001 DEBUG content 11826 _a-0000e064-3a5e-8000-9ba2-011c48011c48_6120715 Setting uuids of object references.
2019-03-08 15:22:05.002 DEBUG content 11826 _a-0000e064-3a5e-8000-9ba2-011c48011c48_6120715 Processing reference: [Content:id=11826,versionId=-1,name=VM_VEHICLE_MODEL_LIST,type=32,subtype=0,uuid=_a-0000e064-3a5e-8000-9ba2-011c48011c48_6120715,parent=11821]
2019-03-08 15:22:05.002 DEBUG content 11826 _a-0000e064-3a5e-8000-9ba2-011c48011c48_6120715 Processing reference: Constant.forum
2019-03-08 15:22:05.003 DEBUG content 11826 _a-0000e064-3a5e-8000-9ba2-011c48011c48_6120715 Processing reference: Constant.parent
2019-03-08 15:22:05.01 DEBUG content 11826 _a-0000e064-3a5e-8000-9ba2-011c48011c48_6120715 Processing reference: com.appiancorp.suiteapi.content.ContentRoleMap@6b15ca8c[
  ContentRole[name=readers,inherit=false,allowForAll=false]
  ContentRole[name=authors,inherit=false,allowForAll=false]
  ContentRole[name=administrators,groupIds=[23, 43],inherit=false,allowForAll=false]
  ContentRole[name=denyReaders,inherit=false,allowForAll=false]
  ContentRole[name=denyAuthors,inherit=false,allowForAll=false]
  ContentRole[name=denyAdministrators,inherit=false,allowForAll=false]
  securityVector=1:SEC_PUBLIC=true,SEC_CREATOR_ADMIN=false,SEC_INH_ADMIN=false,SEC_INH_EDITOR=false,SEC_INH_VIEWER=false,SEC_ALL_ADMIN=false,SEC_ALL_EDITOR=false,SEC_ALL_VIEWER=false
]
2019-03-08 15:22:05.01 DEBUG content 11826 _a-0000e064-3a5e-8000-9ba2-011c48011c48_6120715 Processing reference: ContentRole[name=readers,inherit=false,allowForAll=false]
2019-03-08 15:22:05.01 DEBUG content 11826 _a-0000e064-3a5e-8000-9ba2-011c48011c48_6120715 Processing reference: ContentRole[name=authors,inherit=false,allowForAll=false]
2019-03-08 15:22:05.011 DEBUG content 11826 _a-0000e064-3a5e-8000-9ba2-011c48011c48_6120715 Processing reference: ContentRole[name=administrators,groupIds=[23, 43],inherit=false,allowForAll=false]
2019-03-08 15:22:05.013 DEBUG content 11826 _a-0000e064-3a5e-8000-9ba2-011c48011c48_6120715 Processing reference: ContentRole[name=denyReaders,inherit=false,allowForAll=false]
2019-03-08 15:22:05.014 DEBUG content 11826 _a-0000e064-3a5e-8000-9ba2-011c48011c48_6120715 Processing reference: ContentRole[name=denyAuthors,inherit=false,allowForAll=false]
2019-03-08 15:22:05.014 DEBUG content 11826 _a-0000e064-3a5e-8000-9ba2-011c48011c48_6120715 Processing reference: ContentRole[name=denyAdministrators,inherit=false,allowForAll=false]
2019-03-08 15:22:05.015 DEBUG content 11826 _a-0000e064-3a5e-8000-9ba2-011c48011c48_6120715 Completing produce.
2019-03-08 15:22:05.015 DEBUG content 11826 _a-0000e064-3a5e-8000-9ba2-011c48011c48_6120715 Exporting binary resources.
2019-03-08 15:22:05.015 DEBUG content 11826 _a-0000e064-3a5e-8000-9ba2-011c48011c48_6120715 Serializing object to XML.
2019-03-08 15:22:05.053 DEBUG content 11826 _a-0000e064-3a5e-8000-9ba2-011c48011c48_6120715 Object transported.
2019-03-08 15:22:05.053 DEBUG content 11839 28e84ce8-4ff8-4760-88b1-cf8245fef472 Begin transport.
2019-03-08 15:22:05.053 DEBUG content 11839 28e84ce8-4ff8-4760-88b1-cf8245fef472 Retrieving object data.
2019-03-08 15:22:05.153 DEBUG content 11839 28e84ce8-4ff8-4760-88b1-cf8245fef472 Setting uuids of object references.
2019-03-08 15:22:05.153 DEBUG content 11839 28e84ce8-4ff8-4760-88b1-cf8245fef472 Processing reference: [Content:id=11839,versionId=-1,name=VM_DetermineVehicleModelList,type=32,subtype=4,uuid=28e84ce8-4ff8-4760-88b1-cf8245fef472,parent=11821]
2019-03-08 15:22:05.345 DEBUG content 11839 28e84ce8-4ff8-4760-88b1-cf8245fef472 Processing reference: Decision.forum
2019-03-08 15:22:05.346 DEBUG content 11839 28e84ce8-4ff8-4760-88b1-cf8245fef472 Processing reference: TypedVariable[name=vehicleMake,it=3,v=]
2019-03-08 15:22:05.351 DEBUG content 11839 28e84ce8-4ff8-4760-88b1-cf8245fef472 Processing reference: Decision.parent
2019-03-08 15:22:05.36 DEBUG content 11839 28e84ce8-4ff8-4760-88b1-cf8245fef472 Processing reference: com.appiancorp.suiteapi.content.ContentRoleMap@1d1ff590[
  ContentRole[name=readers,inherit=false,allowForAll=false]
  ContentRole[name=authors,inherit=false,allowForAll=false]
  ContentRole[name=administrators,groupIds=[23, 43],inherit=false,allowForAll=false]
  ContentRole[name=denyReaders,inherit=false,allowForAll=false]
  ContentRole[name=denyAuthors,inherit=false,allowForAll=false]
  ContentRole[name=denyAdministrators,inherit=false,allowForAll=false]
  securityVector=1:SEC_PUBLIC=true,SEC_CREATOR_ADMIN=false,SEC_INH_ADMIN=false,SEC_INH_EDITOR=false,SEC_INH_VIEWER=false,SEC_ALL_ADMIN=false,SEC_ALL_EDITOR=false,SEC_ALL_VIEWER=false
]
2019-03-08 15:22:05.36 DEBUG content 11839 28e84ce8-4ff8-4760-88b1-cf8245fef472 Processing reference: ContentRole[name=readers,inherit=false,allowForAll=false]
2019-03-08 15:22:05.36 DEBUG content 11839 28e84ce8-4ff8-4760-88b1-cf8245fef472 Processing reference: ContentRole[name=authors,inherit=false,allowForAll=false]
2019-03-08 15:22:05.36 DEBUG content 11839 28e84ce8-4ff8-4760-88b1-cf8245fef472 Processing reference: ContentRole[name=administrators,groupIds=[23, 43],inherit=false,allowForAll=false]
2019-03-08 15:22:05.365 DEBUG content 11839 28e84ce8-4ff8-4760-88b1-cf8245fef472 Processing reference: ContentRole[name=denyReaders,inherit=false,allowForAll=false]
2019-03-08 15:22:05.365 DEBUG content 11839 28e84ce8-4ff8-4760-88b1-cf8245fef472 Processing reference: ContentRole[name=denyAuthors,inherit=false,allowForAll=false]
2019-03-08 15:22:05.366 DEBUG content 11839 28e84ce8-4ff8-4760-88b1-cf8245fef472 Processing reference: ContentRole[name=denyAdministrators,inherit=false,allowForAll=false]
2019-03-08 15:22:05.366 DEBUG content 11839 28e84ce8-4ff8-4760-88b1-cf8245fef472 Completing produce.
2019-03-08 15:22:05.366 DEBUG content 11839 28e84ce8-4ff8-4760-88b1-cf8245fef472 Exporting binary resources.
2019-03-08 15:22:05.366 DEBUG content 11839 28e84ce8-4ff8-4760-88b1-cf8245fef472 Serializing object to XML.
2019-03-08 15:22:05.427 DEBUG content 11839 28e84ce8-4ff8-4760-88b1-cf8245fef472 Object transported.
2019-03-08 15:22:05.427 DEBUG content 11822 _a-0000e064-39f0-8000-9ba2-011c48011c48_177127 Begin transport.
2019-03-08 15:22:05.427 DEBUG content 11822 _a-0000e064-39f0-8000-9ba2-011c48011c48_177127 Retrieving object data.
2019-03-08 15:22:05.449 DEBUG content 11822 _a-0000e064-39f0-8000-9ba2-011c48011c48_177127 Setting uuids of object references.
2019-03-08 15:22:05.454 DEBUG content 11822 _a-0000e064-39f0-8000-9ba2-011c48011c48_177127 Processing reference: RulesFolder.forum
2019-03-08 15:22:05.455 DEBUG content 11822 _a-0000e064-39f0-8000-9ba2-011c48011c48_177127 Processing reference: RulesFolder.parent
2019-03-08 15:22:05.466 DEBUG content 11822 _a-0000e064-39f0-8000-9ba2-011c48011c48_177127 Processing reference: com.appiancorp.suiteapi.content.ContentRoleMap@b848472[
  ContentRole[name=readers,inherit=false,allowForAll=false]
  ContentRole[name=authors,inherit=false,allowForAll=false]
  ContentRole[name=administrators,groupIds=[23, 45],inherit=false,allowForAll=false]
  ContentRole[name=denyReaders,inherit=false,allowForAll=false]
  ContentRole[name=denyAuthors,inherit=false,allowForAll=false]
  ContentRole[name=denyAdministrators,inherit=false,allowForAll=false]
  securityVector=1:SEC_PUBLIC=true,SEC_CREATOR_ADMIN=false,SEC_INH_ADMIN=false,SEC_INH_EDITOR=false,SEC_INH_VIEWER=false,SEC_ALL_ADMIN=false,SEC_ALL_EDITOR=false,SEC_ALL_VIEWER=false
]
2019-03-08 15:22:05.467 DEBUG content 11822 _a-0000e064-39f0-8000-9ba2-011c48011c48_177127 Processing reference: ContentRole[name=readers,inherit=false,allowForAll=false]
2019-03-08 15:22:05.467 DEBUG content 11822 _a-0000e064-39f0-8000-9ba2-011c48011c48_177127 Processing reference: ContentRole[name=authors,inherit=false,allowForAll=false]
2019-03-08 15:22:05.467 DEBUG content 11822 _a-0000e064-39f0-8000-9ba2-011c48011c48_177127 Processing reference: ContentRole[name=administrators,groupIds=[23, 45],inherit=false,allowForAll=false]
2019-03-08 15:22:05.47 DEBUG content 11822 _a-0000e064-39f0-8000-9ba2-011c48011c48_177127 Processing reference: ContentRole[name=denyReaders,inherit=false,allowForAll=false]
2019-03-08 15:22:05.47 DEBUG content 11822 _a-0000e064-39f0-8000-9ba2-011c48011c48_177127 Processing reference: ContentRole[name=denyAuthors,inherit=false,allowForAll=false]
2019-03-08 15:22:05.47 DEBUG content 11822 _a-0000e064-39f0-8000-9ba2-011c48011c48_177127 Processing reference: ContentRole[name=denyAdministrators,inherit=false,allowForAll=false]
2019-03-08 15:22:05.471 DEBUG content 11822 _a-0000e064-39f0-8000-9ba2-011c48011c48_177127 Completing produce.
2019-03-08 15:22:05.471 DEBUG content 11822 _a-0000e064-39f0-8000-9ba2-011c48011c48_177127 Exporting binary resources.
2019-03-08 15:22:05.471 DEBUG content 11822 _a-0000e064-39f0-8000-9ba2-011c48011c48_177127 Serializing object to XML.
2019-03-08 15:22:05.496 DEBUG content 11822 _a-0000e064-39f0-8000-9ba2-011c48011c48_177127 Object transported.
2019-03-08 15:22:05.496 DEBUG content 11823 _a-0000e064-39f0-8000-9ba2-011c48011c48_177136 Begin transport.
2019-03-08 15:22:05.496 DEBUG content 11823 _a-0000e064-39f0-8000-9ba2-011c48011c48_177136 Retrieving object data.
2019-03-08 15:22:05.521 DEBUG content 11823 _a-0000e064-39f0-8000-9ba2-011c48011c48_177136 Setting uuids of object references.
2019-03-08 15:22:05.55 DEBUG content 11823 _a-0000e064-39f0-8000-9ba2-011c48011c48_177136 Processing reference: CommunityKnowledgeCenter.forum
2019-03-08 15:22:05.552 DEBUG content 11823 _a-0000e064-39f0-8000-9ba2-011c48011c48_177136 Processing reference: CommunityKnowledgeCenter.parent
2019-03-08 15:22:05.559 DEBUG content 11823 _a-0000e064-39f0-8000-9ba2-011c48011c48_177136 Processing reference: com.appiancorp.suiteapi.content.ContentRoleMap@753a7531[
  ContentRole[name=readers,inherit=false,allowForAll=false]
  ContentRole[name=authors,inherit=false,allowForAll=false]
  ContentRole[name=administrators,groupIds=[23, 45],inherit=true,allowForAll=false]
  ContentRole[name=denyReaders,inherit=false,allowForAll=false]
  ContentRole[name=denyAuthors,inherit=false,allowForAll=false]
  ContentRole[name=denyAdministrators,inherit=false,allowForAll=false]
  securityVector=9:SEC_PUBLIC=true,SEC_CREATOR_ADMIN=false,SEC_INH_ADMIN=true,SEC_INH_EDITOR=false,SEC_INH_VIEWER=false,SEC_ALL_ADMIN=false,SEC_ALL_EDITOR=false,SEC_ALL_VIEWER=false
]
2019-03-08 15:22:05.559 DEBUG content 11823 _a-0000e064-39f0-8000-9ba2-011c48011c48_177136 Processing reference: ContentRole[name=readers,inherit=false,allowForAll=false]
2019-03-08 15:22:05.559 DEBUG content 11823 _a-0000e064-39f0-8000-9ba2-011c48011c48_177136 Processing reference: ContentRole[name=authors,inherit=false,allowForAll=false]
2019-03-08 15:22:05.56 DEBUG content 11823 _a-0000e064-39f0-8000-9ba2-011c48011c48_177136 Processing reference: ContentRole[name=administrators,groupIds=[23, 45],inherit=true,allowForAll=false]
2019-03-08 15:22:05.562 DEBUG content 11823 _a-0000e064-39f0-8000-9ba2-011c48011c48_177136 Processing reference: ContentRole[name=denyReaders,inherit=false,allowForAll=false]
2019-03-08 15:22:05.562 DEBUG content 11823 _a-0000e064-39f0-8000-9ba2-011c48011c48_177136 Processing reference: ContentRole[name=denyAuthors,inherit=false,allowForAll=false]
2019-03-08 15:22:05.562 DEBUG content 11823 _a-0000e064-39f0-8000-9ba2-011c48011c48_177136 Processing reference: ContentRole[name=denyAdministrators,inherit=false,allowForAll=false]
2019-03-08 15:22:05.563 DEBUG content 11823 _a-0000e064-39f0-8000-9ba2-011c48011c48_177136 Completing produce.
2019-03-08 15:22:05.563 DEBUG content 11823 _a-0000e064-39f0-8000-9ba2-011c48011c48_177136 Exporting binary resources.
2019-03-08 15:22:05.563 DEBUG content 11823 _a-0000e064-39f0-8000-9ba2-011c48011c48_177136 Serializing object to XML.
2019-03-08 15:22:05.6 DEBUG content 11823 _a-0000e064-39f0-8000-9ba2-011c48011c48_177136 Object transported.
2019-03-08 15:22:05.6 DEBUG content 11824 _a-0000e064-39f0-8000-9ba2-011c48011c48_177141 Begin transport.
2019-03-08 15:22:05.6 DEBUG content 11824 _a-0000e064-39f0-8000-9ba2-011c48011c48_177141 Retrieving object data.
2019-03-08 15:22:05.625 DEBUG content 11824 _a-0000e064-39f0-8000-9ba2-011c48011c48_177141 Setting uuids of object references.
2019-03-08 15:22:05.639 DEBUG content 11824 _a-0000e064-39f0-8000-9ba2-011c48011c48_177141 Processing reference: KnowledgeFolder.forum
2019-03-08 15:22:05.64 DEBUG content 11824 _a-0000e064-39f0-8000-9ba2-011c48011c48_177141 Processing reference: KnowledgeFolder.parent
2019-03-08 15:22:05.647 DEBUG content 11824 _a-0000e064-39f0-8000-9ba2-011c48011c48_177141 Processing reference: com.appiancorp.suiteapi.content.ContentRoleMap@34a9debf[
  ContentRole[name=readers,inherit=false,allowForAll=false]
  ContentRole[name=authors,inherit=false,allowForAll=false]
  ContentRole[name=administrators,groupIds=[23, 45],inherit=false,allowForAll=false]
  ContentRole[name=denyReaders,inherit=false,allowForAll=false]
  ContentRole[name=denyAuthors,inherit=false,allowForAll=false]
  ContentRole[name=denyAdministrators,inherit=false,allowForAll=false]
  securityVector=1:SEC_PUBLIC=true,SEC_CREATOR_ADMIN=false,SEC_INH_ADMIN=false,SEC_INH_EDITOR=false,SEC_INH_VIEWER=false,SEC_ALL_ADMIN=false,SEC_ALL_EDITOR=false,SEC_ALL_VIEWER=false
]
2019-03-08 15:22:05.647 DEBUG content 11824 _a-0000e064-39f0-8000-9ba2-011c48011c48_177141 Processing reference: ContentRole[name=readers,inherit=false,allowForAll=false]
2019-03-08 15:22:05.647 DEBUG content 11824 _a-0000e064-39f0-8000-9ba2-011c48011c48_177141 Processing reference: ContentRole[name=authors,inherit=false,allowForAll=false]
2019-03-08 15:22:05.648 DEBUG content 11824 _a-0000e064-39f0-8000-9ba2-011c48011c48_177141 Processing reference: ContentRole[name=administrators,groupIds=[23, 45],inherit=false,allowForAll=false]
2019-03-08 15:22:05.654 DEBUG content 11824 _a-0000e064-39f0-8000-9ba2-011c48011c48_177141 Processing reference: ContentRole[name=denyReaders,inherit=false,allowForAll=false]
2019-03-08 15:22:05.655 DEBUG content 11824 _a-0000e064-39f0-8000-9ba2-011c48011c48_177141 Processing reference: ContentRole[name=denyAuthors,inherit=false,allowForAll=false]
2019-03-08 15:22:05.655 DEBUG content 11824 _a-0000e064-39f0-8000-9ba2-011c48011c48_177141 Processing reference: ContentRole[name=denyAdministrators,inherit=false,allowForAll=false]
2019-03-08 15:22:05.655 DEBUG content 11824 _a-0000e064-39f0-8000-9ba2-011c48011c48_177141 Completing produce.
2019-03-08 15:22:05.655 DEBUG content 11824 _a-0000e064-39f0-8000-9ba2-011c48011c48_177141 Exporting binary resources.
2019-03-08 15:22:05.655 DEBUG content 11824 _a-0000e064-39f0-8000-9ba2-011c48011c48_177141 Serializing object to XML.
2019-03-08 15:22:05.674 DEBUG content 11824 _a-0000e064-39f0-8000-9ba2-011c48011c48_177141 Object transported.
2019-03-08 15:22:05.674 DEBUG content 11829 _a-0000e0f7-b49f-8000-9ba2-011c48011c48_770132 Begin transport.
2019-03-08 15:22:05.674 DEBUG content 11829 _a-0000e0f7-b49f-8000-9ba2-011c48011c48_770132 Retrieving object data.
2019-03-08 15:22:05.697 DEBUG content 11829 _a-0000e0f7-b49f-8000-9ba2-011c48011c48_770132 Setting uuids of object references.
2019-03-08 15:22:05.698 DEBUG content 11829 _a-0000e0f7-b49f-8000-9ba2-011c48011c48_770132 Processing reference: [Content:id=11829,versionId=-1,name=VM_VEHICLE_BILLBOARD_IMAGE,type=32,subtype=0,uuid=_a-0000e0f7-b49f-8000-9ba2-011c48011c48_770132,parent=11828]
2019-03-08 15:22:05.705 DEBUG content 11827 _a-0000e104-e472-8000-9ba2-011c48011c48_8694829 Begin transport.
2019-03-08 15:22:05.705 DEBUG content 11827 _a-0000e104-e472-8000-9ba2-011c48011c48_8694829 Retrieving object data.
2019-03-08 15:22:05.734 DEBUG content 11827 _a-0000e104-e472-8000-9ba2-011c48011c48_8694829 Setting uuids of object references.
2019-03-08 15:22:05.735 DEBUG content 11827 _a-0000e104-e472-8000-9ba2-011c48011c48_8694829 Processing reference: Document.forum
2019-03-08 15:22:05.736 DEBUG content 11827 _a-0000e104-e472-8000-9ba2-011c48011c48_8694829 Processing reference: Document.parent
2019-03-08 15:22:05.755 DEBUG content 11827 _a-0000e104-e472-8000-9ba2-011c48011c48_8694829 Processing reference: com.appiancorp.suiteapi.content.ContentRoleMap@78ccfa32[
  ContentRole[name=readers,inherit=true,allowForAll=false]
  ContentRole[name=authors,inherit=true,allowForAll=false]
  ContentRole[name=administrators,groupIds=[45],inherit=true,allowForAll=false]
  ContentRole[name=denyReaders,inherit=false,allowForAll=false]
  ContentRole[name=denyAuthors,inherit=false,allowForAll=false]
  ContentRole[name=denyAdministrators,inherit=false,allowForAll=false]
  securityVector=15:SEC_PUBLIC=true,SEC_CREATOR_ADMIN=false,SEC_INH_ADMIN=true,SEC_INH_EDITOR=true,SEC_INH_VIEWER=true,SEC_ALL_ADMIN=false,SEC_ALL_EDITOR=false,SEC_ALL_VIEWER=false
]
2019-03-08 15:22:05.755 DEBUG content 11827 _a-0000e104-e472-8000-9ba2-011c48011c48_8694829 Processing reference: ContentRole[name=readers,inherit=true,allowForAll=false]
2019-03-08 15:22:05.755 DEBUG content 11827 _a-0000e104-e472-8000-9ba2-011c48011c48_8694829 Processing reference: ContentRole[name=authors,inherit=true,allowForAll=false]
2019-03-08 15:22:05.755 DEBUG content 11827 _a-0000e104-e472-8000-9ba2-011c48011c48_8694829 Processing reference: ContentRole[name=administrators,groupIds=[45],inherit=true,allowForAll=false]
2019-03-08 15:22:05.761 DEBUG content 11827 _a-0000e104-e472-8000-9ba2-011c48011c48_8694829 Processing reference: ContentRole[name=denyReaders,inherit=false,allowForAll=false]
2019-03-08 15:22:05.761 DEBUG content 11827 _a-0000e104-e472-8000-9ba2-011c48011c48_8694829 Processing reference: ContentRole[name=denyAuthors,inherit=false,allowForAll=false]
2019-03-08 15:22:05.761 DEBUG content 11827 _a-0000e104-e472-8000-9ba2-011c48011c48_8694829 Processing reference: ContentRole[name=denyAdministrators,inherit=false,allowForAll=false]
2019-03-08 15:22:05.762 DEBUG content 11827 _a-0000e104-e472-8000-9ba2-011c48011c48_8694829 Completing produce.
2019-03-08 15:22:05.762 DEBUG content 11827 _a-0000e104-e472-8000-9ba2-011c48011c48_8694829 Exporting binary resources.
2019-03-08 15:22:07.334 DEBUG content 11827 _a-0000e104-e472-8000-9ba2-011c48011c48_8694829 Serializing object to XML.
2019-03-08 15:22:07.355 DEBUG content 11827 _a-0000e104-e472-8000-9ba2-011c48011c48_8694829 Object transported.
2019-03-08 15:22:07.355 DEBUG content 11829 _a-0000e0f7-b49f-8000-9ba2-011c48011c48_770132 Processing reference: Constant.forum
2019-03-08 15:22:07.356 DEBUG content 11829 _a-0000e0f7-b49f-8000-9ba2-011c48011c48_770132 Processing reference: Constant.parent
2019-03-08 15:22:07.375 DEBUG content 11828 _a-0000e104-e472-8000-9ba2-011c48011c48_8694656 Begin transport.
2019-03-08 15:22:07.375 DEBUG content 11828 _a-0000e104-e472-8000-9ba2-011c48011c48_8694656 Retrieving object data.
2019-03-08 15:22:07.419 DEBUG content 11828 _a-0000e104-e472-8000-9ba2-011c48011c48_8694656 Setting uuids of object references.
2019-03-08 15:22:07.419 DEBUG content 11828 _a-0000e104-e472-8000-9ba2-011c48011c48_8694656 Processing reference: RulesFolder.forum
2019-03-08 15:22:07.42 DEBUG content 11828 _a-0000e104-e472-8000-9ba2-011c48011c48_8694656 Processing reference: RulesFolder.parent
2019-03-08 15:22:07.439 DEBUG content 11828 _a-0000e104-e472-8000-9ba2-011c48011c48_8694656 Processing reference: com.appiancorp.suiteapi.content.ContentRoleMap@6ac6294c[
  ContentRole[name=readers,inherit=false,allowForAll=false]
  ContentRole[name=authors,inherit=false,allowForAll=false]
  ContentRole[name=administrators,groupIds=[23, 45],inherit=false,allowForAll=false]
  ContentRole[name=denyReaders,inherit=false,allowForAll=false]
  ContentRole[name=denyAuthors,inherit=false,allowForAll=false]
  ContentRole[name=denyAdministrators,inherit=false,allowForAll=false]
  securityVector=1:SEC_PUBLIC=true,SEC_CREATOR_ADMIN=false,SEC_INH_ADMIN=false,SEC_INH_EDITOR=false,SEC_INH_VIEWER=false,SEC_ALL_ADMIN=false,SEC_ALL_EDITOR=false,SEC_ALL_VIEWER=false
]
2019-03-08 15:22:07.439 DEBUG content 11828 _a-0000e104-e472-8000-9ba2-011c48011c48_8694656 Processing reference: ContentRole[name=readers,inherit=false,allowForAll=false]
2019-03-08 15:22:07.439 DEBUG content 11828 _a-0000e104-e472-8000-9ba2-011c48011c48_8694656 Processing reference: ContentRole[name=authors,inherit=false,allowForAll=false]
2019-03-08 15:22:07.44 DEBUG content 11828 _a-0000e104-e472-8000-9ba2-011c48011c48_8694656 Processing reference: ContentRole[name=administrators,groupIds=[23, 45],inherit=false,allowForAll=false]
2019-03-08 15:22:07.444 DEBUG content 11828 _a-0000e104-e472-8000-9ba2-011c48011c48_8694656 Processing reference: ContentRole[name=denyReaders,inherit=false,allowForAll=false]
2019-03-08 15:22:07.445 DEBUG content 11828 _a-0000e104-e472-8000-9ba2-011c48011c48_8694656 Processing reference: ContentRole[name=denyAuthors,inherit=false,allowForAll=false]
2019-03-08 15:22:07.445 DEBUG content 11828 _a-0000e104-e472-8000-9ba2-011c48011c48_8694656 Processing reference: ContentRole[name=denyAdministrators,inherit=false,allowForAll=false]
2019-03-08 15:22:07.445 DEBUG content 11828 _a-0000e104-e472-8000-9ba2-011c48011c48_8694656 Completing produce.
2019-03-08 15:22:07.445 DEBUG content 11828 _a-0000e104-e472-8000-9ba2-011c48011c48_8694656 Exporting binary resources.
2019-03-08 15:22:07.445 DEBUG content 11828 _a-0000e104-e472-8000-9ba2-011c48011c48_8694656 Serializing object to XML.
2019-03-08 15:22:07.473 DEBUG content 11828 _a-0000e104-e472-8000-9ba2-011c48011c48_8694656 Object transported.
2019-03-08 15:22:07.473 DEBUG content 11829 _a-0000e0f7-b49f-8000-9ba2-011c48011c48_770132 Processing reference: com.appiancorp.suiteapi.content.ContentRoleMap@51b78bc2[
  ContentRole[name=readers,inherit=false,allowForAll=false]
  ContentRole[name=authors,inherit=false,allowForAll=false]
  ContentRole[name=administrators,groupIds=[23, 45],inherit=false,allowForAll=false]
  ContentRole[name=denyReaders,inherit=false,allowForAll=false]
  ContentRole[name=denyAuthors,inherit=false,allowForAll=false]
  ContentRole[name=denyAdministrators,inherit=false,allowForAll=false]
  securityVector=1:SEC_PUBLIC=true,SEC_CREATOR_ADMIN=false,SEC_INH_ADMIN=false,SEC_INH_EDITOR=false,SEC_INH_VIEWER=false,SEC_ALL_ADMIN=false,SEC_ALL_EDITOR=false,SEC_ALL_VIEWER=false
]
2019-03-08 15:22:07.474 DEBUG content 11829 _a-0000e0f7-b49f-8000-9ba2-011c48011c48_770132 Processing reference: ContentRole[name=readers,inherit=false,allowForAll=false]
2019-03-08 15:22:07.474 DEBUG content 11829 _a-0000e0f7-b49f-8000-9ba2-011c48011c48_770132 Processing reference: ContentRole[name=authors,inherit=false,allowForAll=false]
2019-03-08 15:22:07.474 DEBUG content 11829 _a-0000e0f7-b49f-8000-9ba2-011c48011c48_770132 Processing reference: ContentRole[name=administrators,groupIds=[23, 45],inherit=false,allowForAll=false]
2019-03-08 15:22:07.476 DEBUG content 11829 _a-0000e0f7-b49f-8000-9ba2-011c48011c48_770132 Processing reference: ContentRole[name=denyReaders,inherit=false,allowForAll=false]
2019-03-08 15:22:07.476 DEBUG content 11829 _a-0000e0f7-b49f-8000-9ba2-011c48011c48_770132 Processing reference: ContentRole[name=denyAuthors,inherit=false,allowForAll=false]
2019-03-08 15:22:07.476 DEBUG content 11829 _a-0000e0f7-b49f-8000-9ba2-011c48011c48_770132 Processing reference: ContentRole[name=denyAdministrators,inherit=false,allowForAll=false]
2019-03-08 15:22:07.477 DEBUG content 11829 _a-0000e0f7-b49f-8000-9ba2-011c48011c48_770132 Completing produce.
2019-03-08 15:22:07.477 DEBUG content 11829 _a-0000e0f7-b49f-8000-9ba2-011c48011c48_770132 Exporting binary resources.
2019-03-08 15:22:07.477 DEBUG content 11829 _a-0000e0f7-b49f-8000-9ba2-011c48011c48_770132 Serializing object to XML.
2019-03-08 15:22:07.5 DEBUG content 11829 _a-0000e0f7-b49f-8000-9ba2-011c48011c48_770132 Object transported.
2019-03-08 15:22:07.5 DEBUG content 11830 _a-0000e0f7-b49f-8000-9ba2-011c48011c48_770149 Begin transport.
2019-03-08 15:22:07.5 DEBUG content 11830 _a-0000e0f7-b49f-8000-9ba2-011c48011c48_770149 Retrieving object data.
2019-03-08 15:22:07.526 DEBUG content 11830 _a-0000e0f7-b49f-8000-9ba2-011c48011c48_770149 Setting uuids of object references.
2019-03-08 15:22:07.526 DEBUG content 11830 _a-0000e0f7-b49f-8000-9ba2-011c48011c48_770149 Processing reference: RulesFolder.forum
2019-03-08 15:22:07.527 DEBUG content 11830 _a-0000e0f7-b49f-8000-9ba2-011c48011c48_770149 Processing reference: RulesFolder.parent
2019-03-08 15:22:07.533 DEBUG content 11830 _a-0000e0f7-b49f-8000-9ba2-011c48011c48_770149 Processing reference: com.appiancorp.suiteapi.content.ContentRoleMap@60125fea[
  ContentRole[name=readers,inherit=false,allowForAll=false]
  ContentRole[name=authors,inherit=false,allowForAll=false]
  ContentRole[name=administrators,groupIds=[23, 45],inherit=false,allowForAll=false]
  ContentRole[name=denyReaders,inherit=false,allowForAll=false]
  ContentRole[name=denyAuthors,inherit=false,allowForAll=false]
  ContentRole[name=denyAdministrators,inherit=false,allowForAll=false]
  securityVector=1:SEC_PUBLIC=true,SEC_CREATOR_ADMIN=false,SEC_INH_ADMIN=false,SEC_INH_EDITOR=false,SEC_INH_VIEWER=false,SEC_ALL_ADMIN=false,SEC_ALL_EDITOR=false,SEC_ALL_VIEWER=false
]
2019-03-08 15:22:07.533 DEBUG content 11830 _a-0000e0f7-b49f-8000-9ba2-011c48011c48_770149 Processing reference: ContentRole[name=readers,inherit=false,allowForAll=false]
2019-03-08 15:22:07.533 DEBUG content 11830 _a-0000e0f7-b49f-8000-9ba2-011c48011c48_770149 Processing reference: ContentRole[name=authors,inherit=false,allowForAll=false]
2019-03-08 15:22:07.533 DEBUG content 11830 _a-0000e0f7-b49f-8000-9ba2-011c48011c48_770149 Processing reference: ContentRole[name=administrators,groupIds=[23, 45],inherit=false,allowForAll=false]
2019-03-08 15:22:07.542 DEBUG content 11830 _a-0000e0f7-b49f-8000-9ba2-011c48011c48_770149 Processing reference: ContentRole[name=denyReaders,inherit=false,allowForAll=false]
2019-03-08 15:22:07.544 DEBUG content 11830 _a-0000e0f7-b49f-8000-9ba2-011c48011c48_770149 Processing reference: ContentRole[name=denyAuthors,inherit=false,allowForAll=false]
2019-03-08 15:22:07.544 DEBUG content 11830 _a-0000e0f7-b49f-8000-9ba2-011c48011c48_770149 Processing reference: ContentRole[name=denyAdministrators,inherit=false,allowForAll=false]
2019-03-08 15:22:07.545 DEBUG content 11830 _a-0000e0f7-b49f-8000-9ba2-011c48011c48_770149 Completing produce.
2019-03-08 15:22:07.545 DEBUG content 11830 _a-0000e0f7-b49f-8000-9ba2-011c48011c48_770149 Exporting binary resources.
2019-03-08 15:22:07.545 DEBUG content 11830 _a-0000e0f7-b49f-8000-9ba2-011c48011c48_770149 Serializing object to XML.
2019-03-08 15:22:07.62 DEBUG content 11830 _a-0000e0f7-b49f-8000-9ba2-011c48011c48_770149 Object transported.
2019-03-08 15:22:07.62 DEBUG content 11831 _a-0000e104-e472-8000-9ba2-011c48011c48_8694640 Begin transport.
2019-03-08 15:22:07.62 DEBUG content 11831 _a-0000e104-e472-8000-9ba2-011c48011c48_8694640 Retrieving object data.
2019-03-08 15:22:07.647 DEBUG content 11831 _a-0000e104-e472-8000-9ba2-011c48011c48_8694640 Setting uuids of object references.
2019-03-08 15:22:07.647 DEBUG content 11831 _a-0000e104-e472-8000-9ba2-011c48011c48_8694640 Processing reference: RulesFolder.forum
2019-03-08 15:22:07.649 DEBUG content 11831 _a-0000e104-e472-8000-9ba2-011c48011c48_8694640 Processing reference: RulesFolder.parent
2019-03-08 15:22:07.67 DEBUG content 11831 _a-0000e104-e472-8000-9ba2-011c48011c48_8694640 Processing reference: com.appiancorp.suiteapi.content.ContentRoleMap@369f5b6a[
  ContentRole[name=readers,inherit=false,allowForAll=false]
  ContentRole[name=authors,inherit=false,allowForAll=false]
  ContentRole[name=administrators,groupIds=[23, 45],inherit=false,allowForAll=false]
  ContentRole[name=denyReaders,inherit=false,allowForAll=false]
  ContentRole[name=denyAuthors,inherit=false,allowForAll=false]
  ContentRole[name=denyAdministrators,inherit=false,allowForAll=false]
  securityVector=1:SEC_PUBLIC=true,SEC_CREATOR_ADMIN=false,SEC_INH_ADMIN=false,SEC_INH_EDITOR=false,SEC_INH_VIEWER=false,SEC_ALL_ADMIN=false,SEC_ALL_EDITOR=false,SEC_ALL_VIEWER=false
]
2019-03-08 15:22:07.67 DEBUG content 11831 _a-0000e104-e472-8000-9ba2-011c48011c48_8694640 Processing reference: ContentRole[name=readers,inherit=false,allowForAll=false]
2019-03-08 15:22:07.671 DEBUG content 11831 _a-0000e104-e472-8000-9ba2-011c48011c48_8694640 Processing reference: ContentRole[name=authors,inherit=false,allowForAll=false]
2019-03-08 15:22:07.671 DEBUG content 11831 _a-0000e104-e472-8000-9ba2-011c48011c48_8694640 Processing reference: ContentRole[name=administrators,groupIds=[23, 45],inherit=false,allowForAll=false]
2019-03-08 15:22:07.677 DEBUG content 11831 _a-0000e104-e472-8000-9ba2-011c48011c48_8694640 Processing reference: ContentRole[name=denyReaders,inherit=false,allowForAll=false]
2019-03-08 15:22:07.677 DEBUG content 11831 _a-0000e104-e472-8000-9ba2-011c48011c48_8694640 Processing reference: ContentRole[name=denyAuthors,inherit=false,allowForAll=false]
2019-03-08 15:22:07.677 DEBUG content 11831 _a-0000e104-e472-8000-9ba2-011c48011c48_8694640 Processing reference: ContentRole[name=denyAdministrators,inherit=false,allowForAll=false]
2019-03-08 15:22:07.678 DEBUG content 11831 _a-0000e104-e472-8000-9ba2-011c48011c48_8694640 Completing produce.
2019-03-08 15:22:07.678 DEBUG content 11831 _a-0000e104-e472-8000-9ba2-011c48011c48_8694640 Exporting binary resources.
2019-03-08 15:22:07.678 DEBUG content 11831 _a-0000e104-e472-8000-9ba2-011c48011c48_8694640 Serializing object to XML.
2019-03-08 15:22:07.792 DEBUG content 11831 _a-0000e104-e472-8000-9ba2-011c48011c48_8694640 Object transported.
2019-03-08 15:22:07.792 DEBUG content 11832 _a-0000e104-e472-8000-9ba2-011c48011c48_8694645 Begin transport.
2019-03-08 15:22:07.792 DEBUG content 11832 _a-0000e104-e472-8000-9ba2-011c48011c48_8694645 Retrieving object data.
2019-03-08 15:22:07.838 DEBUG content 11832 _a-0000e104-e472-8000-9ba2-011c48011c48_8694645 Setting uuids of object references.
2019-03-08 15:22:08.021 DEBUG content 11832 _a-0000e104-e472-8000-9ba2-011c48011c48_8694645 Processing reference: [id=ea06dfe6-d422-43bb-b7ea-92891cdb7d70@11820]
2019-03-08 15:22:08.885 DEBUG content 11832 _a-0000e104-e472-8000-9ba2-011c48011c48_8694645 Processing reference: datatypeRef[id=1]
2019-03-08 15:22:08.886 DEBUG content 11832 _a-0000e104-e472-8000-9ba2-011c48011c48_8694645 Processing reference: Query.folderId
2019-03-08 15:22:08.96 DEBUG content 11832 _a-0000e104-e472-8000-9ba2-011c48011c48_8694645 Processing reference: datatypeRef[id=1]
2019-03-08 15:22:08.961 DEBUG content 11832 _a-0000e104-e472-8000-9ba2-011c48011c48_8694645 Processing reference: com.appiancorp.suiteapi.content.ContentRoleMap@407d1054[
  ContentRole[name=readers,inherit=false,allowForAll=false]
  ContentRole[name=authors,inherit=false,allowForAll=false]
  ContentRole[name=administrators,groupIds=[23, 45],inherit=false,allowForAll=false]
  ContentRole[name=denyReaders,inherit=false,allowForAll=false]
  ContentRole[name=denyAuthors,inherit=false,allowForAll=false]
  ContentRole[name=denyAdministrators,inherit=false,allowForAll=false]
  securityVector=0:SEC_PUBLIC=false,SEC_CREATOR_ADMIN=false,SEC_INH_ADMIN=false,SEC_INH_EDITOR=false,SEC_INH_VIEWER=false,SEC_ALL_ADMIN=false,SEC_ALL_EDITOR=false,SEC_ALL_VIEWER=false
]
2019-03-08 15:22:08.961 DEBUG content 11832 _a-0000e104-e472-8000-9ba2-011c48011c48_8694645 Processing reference: ContentRole[name=readers,inherit=false,allowForAll=false]
2019-03-08 15:22:08.961 DEBUG content 11832 _a-0000e104-e472-8000-9ba2-011c48011c48_8694645 Processing reference: ContentRole[name=authors,inherit=false,allowForAll=false]
2019-03-08 15:22:08.962 DEBUG content 11832 _a-0000e104-e472-8000-9ba2-011c48011c48_8694645 Processing reference: ContentRole[name=administrators,groupIds=[23, 45],inherit=false,allowForAll=false]
2019-03-08 15:22:08.969 DEBUG content 11832 _a-0000e104-e472-8000-9ba2-011c48011c48_8694645 Processing reference: ContentRole[name=denyReaders,inherit=false,allowForAll=false]
2019-03-08 15:22:08.969 DEBUG content 11832 _a-0000e104-e472-8000-9ba2-011c48011c48_8694645 Processing reference: ContentRole[name=denyAuthors,inherit=false,allowForAll=false]
2019-03-08 15:22:08.969 DEBUG content 11832 _a-0000e104-e472-8000-9ba2-011c48011c48_8694645 Processing reference: ContentRole[name=denyAdministrators,inherit=false,allowForAll=false]
2019-03-08 15:22:08.97 DEBUG content 11832 _a-0000e104-e472-8000-9ba2-011c48011c48_8694645 Completing produce.
2019-03-08 15:22:08.97 DEBUG content 11832 _a-0000e104-e472-8000-9ba2-011c48011c48_8694645 Exporting binary resources.
2019-03-08 15:22:08.97 DEBUG content 11832 _a-0000e104-e472-8000-9ba2-011c48011c48_8694645 Serializing object to XML.
2019-03-08 15:22:09.003 DEBUG content 11832 _a-0000e104-e472-8000-9ba2-011c48011c48_8694645 Object transported.
2019-03-08 15:22:09.003 DEBUG content 11837 _a-0000e104-e472-8000-9ba2-011c48011c48_8694701 Begin transport.
2019-03-08 15:22:09.003 DEBUG content 11837 _a-0000e104-e472-8000-9ba2-011c48011c48_8694701 Retrieving object data.
2019-03-08 15:22:09.031 DEBUG content 11837 _a-0000e104-e472-8000-9ba2-011c48011c48_8694701 Setting uuids of object references.
2019-03-08 15:22:09.032 DEBUG content 11837 _a-0000e104-e472-8000-9ba2-011c48011c48_8694701 Processing reference: [Content:id=11837,versionId=-1,name=VM_VEHICLE_CATEGORY_IMAGES,type=32,subtype=0,uuid=_a-0000e104-e472-8000-9ba2-011c48011c48_8694701,parent=11828]
2019-03-08 15:22:09.038 DEBUG content 11833 _a-0000e104-e472-8000-9ba2-011c48011c48_8694797 Begin transport.
2019-03-08 15:22:09.038 DEBUG content 11833 _a-0000e104-e472-8000-9ba2-011c48011c48_8694797 Retrieving object data.
2019-03-08 15:22:09.08 DEBUG content 11833 _a-0000e104-e472-8000-9ba2-011c48011c48_8694797 Setting uuids of object references.
2019-03-08 15:22:09.081 DEBUG content 11833 _a-0000e104-e472-8000-9ba2-011c48011c48_8694797 Processing reference: Document.forum
2019-03-08 15:22:09.083 DEBUG content 11833 _a-0000e104-e472-8000-9ba2-011c48011c48_8694797 Processing reference: Document.parent
2019-03-08 15:22:09.095 DEBUG content 11833 _a-0000e104-e472-8000-9ba2-011c48011c48_8694797 Processing reference: com.appiancorp.suiteapi.content.ContentRoleMap@2aad4a26[
  ContentRole[name=readers,inherit=true,allowForAll=false]
  ContentRole[name=authors,inherit=true,allowForAll=false]
  ContentRole[name=administrators,inherit=true,allowForAll=false]
  ContentRole[name=denyReaders,inherit=false,allowForAll=false]
  ContentRole[name=denyAuthors,inherit=false,allowForAll=false]
  ContentRole[name=denyAdministrators,inherit=false,allowForAll=false]
  securityVector=15:SEC_PUBLIC=true,SEC_CREATOR_ADMIN=false,SEC_INH_ADMIN=true,SEC_INH_EDITOR=true,SEC_INH_VIEWER=true,SEC_ALL_ADMIN=false,SEC_ALL_EDITOR=false,SEC_ALL_VIEWER=false
]
2019-03-08 15:22:09.095 DEBUG content 11833 _a-0000e104-e472-8000-9ba2-011c48011c48_8694797 Processing reference: ContentRole[name=readers,inherit=true,allowForAll=false]
2019-03-08 15:22:09.095 DEBUG content 11833 _a-0000e104-e472-8000-9ba2-011c48011c48_8694797 Processing reference: ContentRole[name=authors,inherit=true,allowForAll=false]
2019-03-08 15:22:09.095 DEBUG content 11833 _a-0000e104-e472-8000-9ba2-011c48011c48_8694797 Processing reference: ContentRole[name=administrators,inherit=true,allowForAll=false]
2019-03-08 15:22:09.095 DEBUG content 11833 _a-0000e104-e472-8000-9ba2-011c48011c48_8694797 Processing reference: ContentRole[name=denyReaders,inherit=false,allowForAll=false]
2019-03-08 15:22:09.096 DEBUG content 11833 _a-0000e104-e472-8000-9ba2-011c48011c48_8694797 Processing reference: ContentRole[name=denyAuthors,inherit=false,allowForAll=false]
2019-03-08 15:22:09.096 DEBUG content 11833 _a-0000e104-e472-8000-9ba2-011c48011c48_8694797 Processing reference: ContentRole[name=denyAdministrators,inherit=false,allowForAll=false]
2019-03-08 15:22:09.096 DEBUG content 11833 _a-0000e104-e472-8000-9ba2-011c48011c48_8694797 Completing produce.
2019-03-08 15:22:09.096 DEBUG content 11833 _a-0000e104-e472-8000-9ba2-011c48011c48_8694797 Exporting binary resources.
2019-03-08 15:22:09.14 DEBUG content 11833 _a-0000e104-e472-8000-9ba2-011c48011c48_8694797 Serializing object to XML.
2019-03-08 15:22:09.15 DEBUG content 11833 _a-0000e104-e472-8000-9ba2-011c48011c48_8694797 Object transported.
2019-03-08 15:22:09.156 DEBUG content 11834 _a-0000e104-e472-8000-9ba2-011c48011c48_8694795 Begin transport.
2019-03-08 15:22:09.156 DEBUG content 11834 _a-0000e104-e472-8000-9ba2-011c48011c48_8694795 Retrieving object data.
2019-03-08 15:22:09.178 DEBUG content 11834 _a-0000e104-e472-8000-9ba2-011c48011c48_8694795 Setting uuids of object references.
2019-03-08 15:22:09.178 DEBUG content 11834 _a-0000e104-e472-8000-9ba2-011c48011c48_8694795 Processing reference: Document.forum
2019-03-08 15:22:09.18 DEBUG content 11834 _a-0000e104-e472-8000-9ba2-011c48011c48_8694795 Processing reference: Document.parent
2019-03-08 15:22:09.188 DEBUG content 11834 _a-0000e104-e472-8000-9ba2-011c48011c48_8694795 Processing reference: com.appiancorp.suiteapi.content.ContentRoleMap@2fc17b03[
  ContentRole[name=readers,inherit=true,allowForAll=false]
  ContentRole[name=authors,inherit=true,allowForAll=false]
  ContentRole[name=administrators,groupIds=[45],inherit=true,allowForAll=false]
  ContentRole[name=denyReaders,inherit=false,allowForAll=false]
  ContentRole[name=denyAuthors,inherit=false,allowForAll=false]
  ContentRole[name=denyAdministrators,inherit=false,allowForAll=false]
  securityVector=15:SEC_PUBLIC=true,SEC_CREATOR_ADMIN=false,SEC_INH_ADMIN=true,SEC_INH_EDITOR=true,SEC_INH_VIEWER=true,SEC_ALL_ADMIN=false,SEC_ALL_EDITOR=false,SEC_ALL_VIEWER=false
]
2019-03-08 15:22:09.189 DEBUG content 11834 _a-0000e104-e472-8000-9ba2-011c48011c48_8694795 Processing reference: ContentRole[name=readers,inherit=true,allowForAll=false]
2019-03-08 15:22:09.189 DEBUG content 11834 _a-0000e104-e472-8000-9ba2-011c48011c48_8694795 Processing reference: ContentRole[name=authors,inherit=true,allowForAll=false]
2019-03-08 15:22:09.189 DEBUG content 11834 _a-0000e104-e472-8000-9ba2-011c48011c48_8694795 Processing reference: ContentRole[name=administrators,groupIds=[45],inherit=true,allowForAll=false]
2019-03-08 15:22:09.198 DEBUG content 11834 _a-0000e104-e472-8000-9ba2-011c48011c48_8694795 Processing reference: ContentRole[name=denyReaders,inherit=false,allowForAll=false]
2019-03-08 15:22:09.198 DEBUG content 11834 _a-0000e104-e472-8000-9ba2-011c48011c48_8694795 Processing reference: ContentRole[name=denyAuthors,inherit=false,allowForAll=false]
2019-03-08 15:22:09.198 DEBUG content 11834 _a-0000e104-e472-8000-9ba2-011c48011c48_8694795 Processing reference: ContentRole[name=denyAdministrators,inherit=false,allowForAll=false]
2019-03-08 15:22:09.199 DEBUG content 11834 _a-0000e104-e472-8000-9ba2-011c48011c48_8694795 Completing produce.
2019-03-08 15:22:09.199 DEBUG content 11834 _a-0000e104-e472-8000-9ba2-011c48011c48_8694795 Exporting binary resources.
2019-03-08 15:22:09.25 DEBUG content 11834 _a-0000e104-e472-8000-9ba2-011c48011c48_8694795 Serializing object to XML.
2019-03-08 15:22:09.269 DEBUG content 11834 _a-0000e104-e472-8000-9ba2-011c48011c48_8694795 Object transported.
2019-03-08 15:22:09.277 DEBUG content 11835 _a-0000e104-e472-8000-9ba2-011c48011c48_8694799 Begin transport.
2019-03-08 15:22:09.277 DEBUG content 11835 _a-0000e104-e472-8000-9ba2-011c48011c48_8694799 Retrieving object data.
2019-03-08 15:22:09.302 DEBUG content 11835 _a-0000e104-e472-8000-9ba2-011c48011c48_8694799 Setting uuids of object references.
2019-03-08 15:22:09.303 DEBUG content 11835 _a-0000e104-e472-8000-9ba2-011c48011c48_8694799 Processing reference: Document.forum
2019-03-08 15:22:09.304 DEBUG content 11835 _a-0000e104-e472-8000-9ba2-011c48011c48_8694799 Processing reference: Document.parent
2019-03-08 15:22:09.318 DEBUG content 11835 _a-0000e104-e472-8000-9ba2-011c48011c48_8694799 Processing reference: com.appiancorp.suiteapi.content.ContentRoleMap@68387fa0[
  ContentRole[name=readers,inherit=true,allowForAll=false]
  ContentRole[name=authors,inherit=true,allowForAll=false]
  ContentRole[name=administrators,inherit=true,allowForAll=false]
  ContentRole[name=denyReaders,inherit=false,allowForAll=false]
  ContentRole[name=denyAuthors,inherit=false,allowForAll=false]
  ContentRole[name=denyAdministrators,inherit=false,allowForAll=false]
  securityVector=15:SEC_PUBLIC=true,SEC_CREATOR_ADMIN=false,SEC_INH_ADMIN=true,SEC_INH_EDITOR=true,SEC_INH_VIEWER=true,SEC_ALL_ADMIN=false,SEC_ALL_EDITOR=false,SEC_ALL_VIEWER=false
]
2019-03-08 15:22:09.318 DEBUG content 11835 _a-0000e104-e472-8000-9ba2-011c48011c48_8694799 Processing reference: ContentRole[name=readers,inherit=true,allowForAll=false]
2019-03-08 15:22:09.318 DEBUG content 11835 _a-0000e104-e472-8000-9ba2-011c48011c48_8694799 Processing reference: ContentRole[name=authors,inherit=true,allowForAll=false]
2019-03-08 15:22:09.318 DEBUG content 11835 _a-0000e104-e472-8000-9ba2-011c48011c48_8694799 Processing reference: ContentRole[name=administrators,inherit=true,allowForAll=false]
2019-03-08 15:22:09.318 DEBUG content 11835 _a-0000e104-e472-8000-9ba2-011c48011c48_8694799 Processing reference: ContentRole[name=denyReaders,inherit=false,allowForAll=false]
2019-03-08 15:22:09.319 DEBUG content 11835 _a-0000e104-e472-8000-9ba2-011c48011c48_8694799 Processing reference: ContentRole[name=denyAuthors,inherit=false,allowForAll=false]
2019-03-08 15:22:09.319 DEBUG content 11835 _a-0000e104-e472-8000-9ba2-011c48011c48_8694799 Processing reference: ContentRole[name=denyAdministrators,inherit=false,allowForAll=false]
2019-03-08 15:22:09.319 DEBUG content 11835 _a-0000e104-e472-8000-9ba2-011c48011c48_8694799 Completing produce.
2019-03-08 15:22:09.319 DEBUG content 11835 _a-0000e104-e472-8000-9ba2-011c48011c48_8694799 Exporting binary resources.
2019-03-08 15:22:09.369 DEBUG content 11835 _a-0000e104-e472-8000-9ba2-011c48011c48_8694799 Serializing object to XML.
2019-03-08 15:22:09.382 DEBUG content 11835 _a-0000e104-e472-8000-9ba2-011c48011c48_8694799 Object transported.
2019-03-08 15:22:09.389 DEBUG content 11836 _a-0000e104-e472-8000-9ba2-011c48011c48_8694793 Begin transport.
2019-03-08 15:22:09.389 DEBUG content 11836 _a-0000e104-e472-8000-9ba2-011c48011c48_8694793 Retrieving object data.
2019-03-08 15:22:09.41 DEBUG content 11836 _a-0000e104-e472-8000-9ba2-011c48011c48_8694793 Setting uuids of object references.
2019-03-08 15:22:09.41 DEBUG content 11836 _a-0000e104-e472-8000-9ba2-011c48011c48_8694793 Processing reference: Document.forum
2019-03-08 15:22:09.411 DEBUG content 11836 _a-0000e104-e472-8000-9ba2-011c48011c48_8694793 Processing reference: Document.parent
2019-03-08 15:22:09.42 DEBUG content 11836 _a-0000e104-e472-8000-9ba2-011c48011c48_8694793 Processing reference: com.appiancorp.suiteapi.content.ContentRoleMap@31ab5330[
  ContentRole[name=readers,inherit=true,allowForAll=false]
  ContentRole[name=authors,inherit=true,allowForAll=false]
  ContentRole[name=administrators,groupIds=[45],inherit=true,allowForAll=false]
  ContentRole[name=denyReaders,inherit=false,allowForAll=false]
  ContentRole[name=denyAuthors,inherit=false,allowForAll=false]
  ContentRole[name=denyAdministrators,inherit=false,allowForAll=false]
  securityVector=15:SEC_PUBLIC=true,SEC_CREATOR_ADMIN=false,SEC_INH_ADMIN=true,SEC_INH_EDITOR=true,SEC_INH_VIEWER=true,SEC_ALL_ADMIN=false,SEC_ALL_EDITOR=false,SEC_ALL_VIEWER=false
]
2019-03-08 15:22:09.42 DEBUG content 11836 _a-0000e104-e472-8000-9ba2-011c48011c48_8694793 Processing reference: ContentRole[name=readers,inherit=true,allowForAll=false]
2019-03-08 15:22:09.42 DEBUG content 11836 _a-0000e104-e472-8000-9ba2-011c48011c48_8694793 Processing reference: ContentRole[name=authors,inherit=true,allowForAll=false]
2019-03-08 15:22:09.421 DEBUG content 11836 _a-0000e104-e472-8000-9ba2-011c48011c48_8694793 Processing reference: ContentRole[name=administrators,groupIds=[45],inherit=true,allowForAll=false]
2019-03-08 15:22:09.428 DEBUG content 11836 _a-0000e104-e472-8000-9ba2-011c48011c48_8694793 Processing reference: ContentRole[name=denyReaders,inherit=false,allowForAll=false]
2019-03-08 15:22:09.428 DEBUG content 11836 _a-0000e104-e472-8000-9ba2-011c48011c48_8694793 Processing reference: ContentRole[name=denyAuthors,inherit=false,allowForAll=false]
2019-03-08 15:22:09.428 DEBUG content 11836 _a-0000e104-e472-8000-9ba2-011c48011c48_8694793 Processing reference: ContentRole[name=denyAdministrators,inherit=false,allowForAll=false]
2019-03-08 15:22:09.429 DEBUG content 11836 _a-0000e104-e472-8000-9ba2-011c48011c48_8694793 Completing produce.
2019-03-08 15:22:09.429 DEBUG content 11836 _a-0000e104-e472-8000-9ba2-011c48011c48_8694793 Exporting binary resources.
2019-03-08 15:22:09.497 DEBUG content 11836 _a-0000e104-e472-8000-9ba2-011c48011c48_8694793 Serializing object to XML.
2019-03-08 15:22:09.511 DEBUG content 11836 _a-0000e104-e472-8000-9ba2-011c48011c48_8694793 Object transported.
2019-03-08 15:22:09.511 DEBUG content 11837 _a-0000e104-e472-8000-9ba2-011c48011c48_8694701 Processing reference: Constant.forum
2019-03-08 15:22:09.512 DEBUG content 11837 _a-0000e104-e472-8000-9ba2-011c48011c48_8694701 Processing reference: Constant.parent
2019-03-08 15:22:09.525 DEBUG content 11837 _a-0000e104-e472-8000-9ba2-011c48011c48_8694701 Processing reference: com.appiancorp.suiteapi.content.ContentRoleMap@7fd9b5a0[
  ContentRole[name=readers,inherit=false,allowForAll=false]
  ContentRole[name=authors,inherit=false,allowForAll=false]
  ContentRole[name=administrators,groupIds=[23, 45],inherit=false,allowForAll=false]
  ContentRole[name=denyReaders,inherit=false,allowForAll=false]
  ContentRole[name=denyAuthors,inherit=false,allowForAll=false]
  ContentRole[name=denyAdministrators,inherit=false,allowForAll=false]
  securityVector=1:SEC_PUBLIC=true,SEC_CREATOR_ADMIN=false,SEC_INH_ADMIN=false,SEC_INH_EDITOR=false,SEC_INH_VIEWER=false,SEC_ALL_ADMIN=false,SEC_ALL_EDITOR=false,SEC_ALL_VIEWER=false
]
2019-03-08 15:22:09.525 DEBUG content 11837 _a-0000e104-e472-8000-9ba2-011c48011c48_8694701 Processing reference: ContentRole[name=readers,inherit=false,allowForAll=false]
2019-03-08 15:22:09.525 DEBUG content 11837 _a-0000e104-e472-8000-9ba2-011c48011c48_8694701 Processing reference: ContentRole[name=authors,inherit=false,allowForAll=false]
2019-03-08 15:22:09.525 DEBUG content 11837 _a-0000e104-e472-8000-9ba2-011c48011c48_8694701 Processing reference: ContentRole[name=administrators,groupIds=[23, 45],inherit=false,allowForAll=false]
2019-03-08 15:22:09.533 DEBUG content 11837 _a-0000e104-e472-8000-9ba2-011c48011c48_8694701 Processing reference: ContentRole[name=denyReaders,inherit=false,allowForAll=false]
2019-03-08 15:22:09.534 DEBUG content 11837 _a-0000e104-e472-8000-9ba2-011c48011c48_8694701 Processing reference: ContentRole[name=denyAuthors,inherit=false,allowForAll=false]
2019-03-08 15:22:09.534 DEBUG content 11837 _a-0000e104-e472-8000-9ba2-011c48011c48_8694701 Processing reference: ContentRole[name=denyAdministrators,inherit=false,allowForAll=false]
2019-03-08 15:22:09.535 DEBUG content 11837 _a-0000e104-e472-8000-9ba2-011c48011c48_8694701 Completing produce.
2019-03-08 15:22:09.535 DEBUG content 11837 _a-0000e104-e472-8000-9ba2-011c48011c48_8694701 Exporting binary resources.
2019-03-08 15:22:09.535 DEBUG content 11837 _a-0000e104-e472-8000-9ba2-011c48011c48_8694701 Serializing object to XML.
2019-03-08 15:22:09.566 DEBUG content 11837 _a-0000e104-e472-8000-9ba2-011c48011c48_8694701 Object transported.
2019-03-08 15:22:09.566 DEBUG content 11838 _a-0000e104-e472-8000-9ba2-011c48011c48_8694847 Begin transport.
2019-03-08 15:22:09.566 DEBUG content 11838 _a-0000e104-e472-8000-9ba2-011c48011c48_8694847 Retrieving object data.
2019-03-08 15:22:09.595 DEBUG content 11838 _a-0000e104-e472-8000-9ba2-011c48011c48_8694847 Setting uuids of object references.
2019-03-08 15:22:09.595 DEBUG content 11838 _a-0000e104-e472-8000-9ba2-011c48011c48_8694847 Processing reference: [Content:id=11838,versionId=-1,name=VM_ModifyVehicleDataRelatedActionForm,type=32,subtype=6,uuid=_a-0000e104-e472-8000-9ba2-011c48011c48_8694847,parent=11830]
2019-03-08 15:22:09.719 DEBUG content 11838 _a-0000e104-e472-8000-9ba2-011c48011c48_8694847 Processing reference: Interface.forum
2019-03-08 15:22:09.721 DEBUG content 11838 _a-0000e104-e472-8000-9ba2-011c48011c48_8694847 Processing reference: TypedVariable[name=vehicle,it=2948,v=<null>]
2019-03-08 15:22:09.721 DEBUG content 11838 _a-0000e104-e472-8000-9ba2-011c48011c48_8694847 Processing reference: Interface.parent
2019-03-08 15:22:09.732 DEBUG content 11838 _a-0000e104-e472-8000-9ba2-011c48011c48_8694847 Processing reference: com.appiancorp.suiteapi.content.ContentRoleMap@3ebb5650[
  ContentRole[name=readers,inherit=true,allowForAll=false]
  ContentRole[name=authors,inherit=true,allowForAll=false]
  ContentRole[name=administrators,inherit=true,allowForAll=false]
  ContentRole[name=denyReaders,inherit=false,allowForAll=false]
  ContentRole[name=denyAuthors,inherit=false,allowForAll=false]
  ContentRole[name=denyAdministrators,inherit=false,allowForAll=false]
  securityVector=15:SEC_PUBLIC=true,SEC_CREATOR_ADMIN=false,SEC_INH_ADMIN=true,SEC_INH_EDITOR=true,SEC_INH_VIEWER=true,SEC_ALL_ADMIN=false,SEC_ALL_EDITOR=false,SEC_ALL_VIEWER=false
]
2019-03-08 15:22:09.732 DEBUG content 11838 _a-0000e104-e472-8000-9ba2-011c48011c48_8694847 Processing reference: ContentRole[name=readers,inherit=true,allowForAll=false]
2019-03-08 15:22:09.732 DEBUG content 11838 _a-0000e104-e472-8000-9ba2-011c48011c48_8694847 Processing reference: ContentRole[name=authors,inherit=true,allowForAll=false]
2019-03-08 15:22:09.732 DEBUG content 11838 _a-0000e104-e472-8000-9ba2-011c48011c48_8694847 Processing reference: ContentRole[name=administrators,inherit=true,allowForAll=false]
2019-03-08 15:22:09.732 DEBUG content 11838 _a-0000e104-e472-8000-9ba2-011c48011c48_8694847 Processing reference: ContentRole[name=denyReaders,inherit=false,allowForAll=false]
2019-03-08 15:22:09.733 DEBUG content 11838 _a-0000e104-e472-8000-9ba2-011c48011c48_8694847 Processing reference: ContentRole[name=denyAuthors,inherit=false,allowForAll=false]
2019-03-08 15:22:09.733 DEBUG content 11838 _a-0000e104-e472-8000-9ba2-011c48011c48_8694847 Processing reference: ContentRole[name=denyAdministrators,inherit=false,allowForAll=false]
2019-03-08 15:22:09.733 DEBUG content 11838 _a-0000e104-e472-8000-9ba2-011c48011c48_8694847 Completing produce.
2019-03-08 15:22:09.733 DEBUG content 11838 _a-0000e104-e472-8000-9ba2-011c48011c48_8694847 Exporting binary resources.
2019-03-08 15:22:09.733 DEBUG content 11838 _a-0000e104-e472-8000-9ba2-011c48011c48_8694847 Serializing object to XML.
2019-03-08 15:22:09.762 DEBUG content 11838 _a-0000e104-e472-8000-9ba2-011c48011c48_8694847 Object transported.
2019-03-08 15:22:09.764 DEBUG processModelFolder 11 _g-0000e0a5-fce9-8000-f92f-7f0000014e7a_169 Begin transport.
2019-03-08 15:22:09.764 DEBUG processModelFolder 11 _g-0000e0a5-fce9-8000-f92f-7f0000014e7a_169 Retrieving object data.
2019-03-08 15:22:09.802 DEBUG processModelFolder 11 _g-0000e0a5-fce9-8000-f92f-7f0000014e7a_169 Setting uuids of object references.
2019-03-08 15:22:09.829 DEBUG processModelFolder 11 _g-0000e0a5-fce9-8000-f92f-7f0000014e7a_169 Processing reference: ProcessModelFolder.parentFolderId
2019-03-08 15:22:09.831 DEBUG processModelFolder 11 _g-0000e0a5-fce9-8000-f92f-7f0000014e7a_169 Processing reference: com.appiancorp.suiteapi.process.ProcessRoleMap@5b0a0896[
  Role[name=ADMIN_OWNER,groupIds=[23, 45]]
  Role[name=EDITOR]
  Role[name=EXPLICIT_NONMEMBER]
  Role[name=VIEWER]
  Role[name=MANAGER]
  Role[name=INITIATOR]
]
2019-03-08 15:22:09.831 DEBUG processModelFolder 11 _g-0000e0a5-fce9-8000-f92f-7f0000014e7a_169 Processing reference: Role[name=ADMIN_OWNER,groupIds=[23, 45]]
2019-03-08 15:22:09.838 DEBUG processModelFolder 11 _g-0000e0a5-fce9-8000-f92f-7f0000014e7a_169 Processing reference: Role[name=EDITOR]
2019-03-08 15:22:09.838 DEBUG processModelFolder 11 _g-0000e0a5-fce9-8000-f92f-7f0000014e7a_169 Processing reference: Role[name=EXPLICIT_NONMEMBER]
2019-03-08 15:22:09.838 DEBUG processModelFolder 11 _g-0000e0a5-fce9-8000-f92f-7f0000014e7a_169 Processing reference: Role[name=VIEWER]
2019-03-08 15:22:09.838 DEBUG processModelFolder 11 _g-0000e0a5-fce9-8000-f92f-7f0000014e7a_169 Processing reference: Role[name=MANAGER]
2019-03-08 15:22:09.839 DEBUG processModelFolder 11 _g-0000e0a5-fce9-8000-f92f-7f0000014e7a_169 Processing reference: Role[name=INITIATOR]
2019-03-08 15:22:09.842 DEBUG processModelFolder 11 _g-0000e0a5-fce9-8000-f92f-7f0000014e7a_169 Completing produce.
2019-03-08 15:22:09.842 DEBUG processModelFolder 11 _g-0000e0a5-fce9-8000-f92f-7f0000014e7a_169 Exporting binary resources.
2019-03-08 15:22:09.842 DEBUG processModelFolder 11 _g-0000e0a5-fce9-8000-f92f-7f0000014e7a_169 Serializing object to XML.
2019-03-08 15:22:09.859 DEBUG processModelFolder 11 _g-0000e0a5-fce9-8000-f92f-7f0000014e7a_169 Object transported.
2019-03-08 15:22:09.862 DEBUG processModel 300 0002e10c-7d6c-8000-f92f-7f0000014e7a Begin transport.
2019-03-08 15:22:09.863 DEBUG processModel 300 0002e10c-7d6c-8000-f92f-7f0000014e7a Retrieving object data.
2019-03-08 15:22:10.173 DEBUG processModel 300 0002e10c-7d6c-8000-f92f-7f0000014e7a Setting uuids of object references.
2019-03-08 15:22:10.198 DEBUG processModel 300 0002e10c-7d6c-8000-f92f-7f0000014e7a Processing reference: ProcessModelHaul.folderId
2019-03-08 15:22:10.208 DEBUG processModel 300 0002e10c-7d6c-8000-f92f-7f0000014e7a Processing reference: ProcessModelHaul.modelDashboardPageId
2019-03-08 15:22:10.208 DEBUG processModel 300 0002e10c-7d6c-8000-f92f-7f0000014e7a Processing reference: ProcessModelHaul.processDashboardPageId
2019-03-08 15:22:10.208 DEBUG processModel 300 0002e10c-7d6c-8000-f92f-7f0000014e7a Processing reference: ProcessModel.emailAttachmentFolderId
2019-03-08 15:22:10.249 DEBUG processModel 300 0002e10c-7d6c-8000-f92f-7f0000014e7a Processing reference: ActivityClassParameter[name=pmID,it=23,v=<null>]
2019-03-08 15:22:10.252 DEBUG processModel 300 0002e10c-7d6c-8000-f92f-7f0000014e7a Processing reference: ActivityClassParameter[name=inMap,it=111,v={}]
2019-03-08 15:22:10.261 DEBUG processModel 300 0002e10c-7d6c-8000-f92f-7f0000014e7a Processing reference: ActivityClassParameter[name=procInheritsPriority,it=1,v=1]
2019-03-08 15:22:10.261 DEBUG processModel 300 0002e10c-7d6c-8000-f92f-7f0000014e7a Processing reference: ActivityClassParameter[name=pmUUID,it=3,v=]
2019-03-08 15:22:10.261 DEBUG processModel 300 0002e10c-7d6c-8000-f92f-7f0000014e7a Processing reference: ActivityClassParameter[name=isAsynchronous,it=26,v=1]
2019-03-08 15:22:10.262 DEBUG processModel 300 0002e10c-7d6c-8000-f92f-7f0000014e7a Processing reference: ActivityClassParameter[name=isTransparent,it=26,v=1]
2019-03-08 15:22:10.262 DEBUG processModel 300 0002e10c-7d6c-8000-f92f-7f0000014e7a Processing reference: ActivityClassParameter[name=inheritSecurity,it=26,v=0]
2019-03-08 15:22:10.272 DEBUG processModel 300 0002e10c-7d6c-8000-f92f-7f0000014e7a Processing reference: ActivityClassParameter[name=vehicle,it=2948,v=<null>]
2019-03-08 15:22:10.273 DEBUG processModel 300 0002e10c-7d6c-8000-f92f-7f0000014e7a Processing reference: FormElement[label=Question1]
2019-03-08 15:22:10.315 DEBUG processModel 300 0002e10c-7d6c-8000-f92f-7f0000014e7a Processing reference: ActivityClassParameter[name=DataStoreEntity,it=81,v=ea06dfe6-d422-43bb-b7ea-92891cdb7d70@11820]
2019-03-08 15:22:10.326 DEBUG processModel 300 0002e10c-7d6c-8000-f92f-7f0000014e7a Processing reference: ActivityClassParameter[name=StoredValues,it=197,v=<null>]
2019-03-08 15:22:10.327 DEBUG processModel 300 0002e10c-7d6c-8000-f92f-7f0000014e7a Processing reference: ProcessVariable[name=vehicle,it=2948,v=<null>]
2019-03-08 15:22:10.331 DEBUG processModel 300 0002e10c-7d6c-8000-f92f-7f0000014e7a Processing reference: com.appiancorp.suiteapi.process.ProcessRoleMap@55b0ce44[
  Role[name=ADMIN_OWNER,groupIds=[23, 45]]
  Role[name=EDITOR]
  Role[name=EXPLICIT_NONMEMBER]
  Role[name=VIEWER]
  Role[name=MANAGER]
  Role[name=INITIATOR]
]
2019-03-08 15:22:10.332 DEBUG processModel 300 0002e10c-7d6c-8000-f92f-7f0000014e7a Processing reference: Role[name=ADMIN_OWNER,groupIds=[23, 45]]
2019-03-08 15:22:10.338 DEBUG processModel 300 0002e10c-7d6c-8000-f92f-7f0000014e7a Processing reference: Role[name=EDITOR]
2019-03-08 15:22:10.338 DEBUG processModel 300 0002e10c-7d6c-8000-f92f-7f0000014e7a Processing reference: Role[name=EXPLICIT_NONMEMBER]
2019-03-08 15:22:10.339 DEBUG processModel 300 0002e10c-7d6c-8000-f92f-7f0000014e7a Processing reference: Role[name=VIEWER]
2019-03-08 15:22:10.339 DEBUG processModel 300 0002e10c-7d6c-8000-f92f-7f0000014e7a Processing reference: Role[name=MANAGER]
2019-03-08 15:22:10.339 DEBUG processModel 300 0002e10c-7d6c-8000-f92f-7f0000014e7a Processing reference: Role[name=INITIATOR]
2019-03-08 15:22:10.354 DEBUG processModel 300 0002e10c-7d6c-8000-f92f-7f0000014e7a Completing produce.
2019-03-08 15:22:10.354 DEBUG processModel 300 0002e10c-7d6c-8000-f92f-7f0000014e7a Exporting binary resources.
2019-03-08 15:22:10.354 DEBUG processModel 300 0002e10c-7d6c-8000-f92f-7f0000014e7a Serializing object to XML.
2019-03-08 15:22:10.819 DEBUG processModel 300 0002e10c-7d6c-8000-f92f-7f0000014e7a Object transported.
2019-03-08 15:22:10.819 DEBUG application 11840 _a-0000e0a5-fced-8000-9ba2-011c48011c48_7437932 Completing produce.
2019-03-08 15:22:10.819 DEBUG application 11840 _a-0000e0a5-fced-8000-9ba2-011c48011c48_7437932 Exporting binary resources.
2019-03-08 15:22:10.819 DEBUG application 11840 _a-0000e0a5-fced-8000-9ba2-011c48011c48_7437932 Serializing object to XML.
2019-03-08 15:22:10.86 DEBUG application 11840 _a-0000e0a5-fced-8000-9ba2-011c48011c48_7437932 Object transported.
